37
49
55
44
61
21
64
65
22
20
67
45
47
39
32
43
69
50
11
7
10
54
70
38
59
46
60
68
56
33
16
31
58
48
71
2
25
15
42
57
40
17
5
13
27
14
35
3
19
63
66
62
23
4
30
41
34
26
28
6
53
51
8
9
52
12
29
18
24
36
72
49
65
73
39
81
14
85
54
68
53
89
15
7
13
91
40
27
46
34
37
75
38
93
66
56
18
52
87
55
72
94
50
20
61
62
21
23
5
17
71
67
88
86
69
19
64
95
2
33
78
28
11
9
30
26
80
92
74
76
35
36
77
47
3
25
42
10
45
79
41
31
4
59
22
60
63
51
70
57
6
84
90
82
8
44
29
43
12
83
16
58
24
32
48
96
45
30
67
18
15
51
78
10
9
81
52
48
70
6
39
21
5
75
49
17
85
31
26
57
24
33
35
43
3
23
64
27
55
28
47
77
82
16
69
76
53
29
87
2
60
36
13
20
73
7
12
42
61
34
62
25
66
86
46
54
56
65
32
63
58
4
72
40
14
84
68
50
83
19
41
37
8
80
79
11
38
74
71
22
59
44
88
37
49
55
44
61
21
64
65
22
20
67
45
47
39
32
43
69
50
11
7
10
54
70
38
59
46
60
68
56
33
16
31
58
48
71
2
25
15
42
57
40
17
5
13
27
14
35
3
19
63
66
62
23
4
30
41
34
26
28
6
53
51
8
9
52
12
29
18
24
36
72
12
8
6
14
4
10
3
18
7
21
2
16
5
20
13
19
9
17
15
11
22
45
30
67
18
15
51
78
10
9
81
52
48
70
6
39
21
5
75
49
17
85
31
26
57
24
33
35
43
3
23
64
27
55
28
47
77
82
16
69
76
53
29
87
2
60
36
13
20
73
7
12
42
61
34
62
25
66
86
46
54
56
65
32
63
58
4
72
40
14
84
68
50
83
19
41
37
8
80
79
11
38
74
71
22
59
44
88
3
2
4
57
38
85
68
19
97
99
88
34
72
66
87
