10
13
5
4
16
11
12
17
2
7
8
3
15
14
6
9
18
15
10
22
6
5
25
11
13
3
8
17
9
27
2
20
12
21
26
16
18
4
24
23
7
19
14
28
34
45
17
27
56
48
42
15
47
61
28
31
24
9
21
4
41
60
57
16
64
35
14
59
49
5
12
37
38
13
44
65
2
23
54
29
30
55
62
18
8
53
32
3
51
10
7
26
63
46
58
43
36
39
6
20
52
25
19
11
40
50
22
33
66
40
53
20
16
66
34
10
44
8
36
33
73
17
58
5
14
22
25
4
64
18
55
56
19
76
41
48
30
29
51
42
12
7
70
11
47
52
77
2
27
32
68
9
72
67
37
28
50
49
31
38
3
60
23
24
61
15
75
54
57
65
74
21
62
6
46
43
71
35
69
45
13
63
59
26
39
78
15
10
22
6
5
25
11
13
3
8
17
9
27
2
20
12
21
26
16
18
4
24
23
7
19
14
28
45
30
67
18
15
51
78
10
9
81
52
48
70
6
39
21
5
75
49
17
85
31
26
57
24
33
35
43
3
23
64
27
55
28
47
77
82
16
69
76
53
29
87
2
60
36
13
20
73
7
12
42
61
34
62
25
66
86
46
54
56
65
32
63
58
4
72
40
14
84
68
50
83
19
41
37
8
80
79
11
38
74
71
22
59
44
88
51
34
76
81
17
29
38
45
91
46
59
70
65
27
19
6
73
16
96
77
23
22
80
97
35
15
83
7
64
88
60
49
3
26
87
71
8
57
48
69
89
47
62
9
11
43
40
33
99
2
68
61
58
90
92
39
54
12
32
53
44
93
30
14
75
98
52
41
13
37
94
18
86
66
4
21
79
78
24
5
85
28
95
82
74
36
31
42
55
10
56
63
72
84
20
25
67
50
100
15
10
22
6
5
25
11
13
3
8
17
9
27
2
20
12
21
26
16
18
4
24
23
7
19
14
28
19
25
28
15
31
16
14
33
26
27
34
20
8
5
7
24
35
2
13
30
32
29
17
3
10
11
4
23
21
6
22
9
12
18
36
30
20
15
12
10
17
37
46
6
43
5
50
38
4
48
7
23
28
3
45
51
18
32
26
25
35
19
57
2
40
24
34
33
27
41
8
14
56
31
36
52
11
55
21
9
54
16
53
13
22
42
49
47
44
39
29
58
27
18
40
32
9
38
20
6
16
29
31
49
19
46
10
25
3
14
8
48
41
30
42
17
51
2
36
11
23
12
5
45
39
50
28
43
7
34
4
22
24
37
47
33
15
44
21
13
35
26
52
49
65
73
39
81
14
85
54
68
53
89
15
7
13
91
40
27
46
34
37
75
38
93
66
56
18
52
87
55
72
94
50
20
61
62
21
23
5
17
71
67
88
86
69
19
64
95
2
33
78
28
11
9
30
26
80
92
74
76
35
36
77
47
3
25
42
10
45
79
41
31
4
59
22
60
63
51
70
57
6
84
90
82
8
44
29
43
12
83
16
58
24
32
48
96
21
14
31
33
7
6
36
32
37
15
24
19
3
11
18
29
16
13
39
2
28
25
12
23
30
38
22
17
26
4
9
5
35
34
8
10
27
20
40
34
45
17
27
56
48
42
15
47
61
28
31
24
9
21
4
41
60
57
16
64
35
14
59
49
5
12
37
38
13
44
65
2
23
54
29
30
55
62
18
8
53
32
3
51
10
7
26
63
46
58
43
36
39
6
20
52
25
19
11
40
50
22
33
66
4
5
2
3
6
