4
5
2
3
6
36
24
18
57
12
61
9
8
64
13
6
11
66
19
40
46
4
15
32
44
42
34
3
54
41
50
33
49
45
55
20
28
23
69
2
48
43
51
16
26
22
38
21
30
17
68
37
29
27
39
56
67
25
31
52
5
60
65
58
7
63
62
10
59
14
53
47
35
70
15
10
22
6
5
25
11
13
3
8
17
9
27
2
20
12
21
26
16
18
4
24
23
7
19
14
28
3
2
4
45
30
67
18
15
51
78
10
9
81
52
48
70
6
39
21
5
75
49
17
85
31
26
57
24
33
35
43
3
23
64
27
55
28
47
77
82
16
69
76
53
29
87
2
60
36
13
20
73
7
12
42
61
34
62
25
66
86
46
54
56
65
32
63
58
4
72
40
14
84
68
50
83
19
41
37
8
80
79
11
38
74
71
22
59
44
88
40
53
20
16
66
34
10
44
8
36
33
73
17
58
5
14
22
25
4
64
18
55
56
19
76
41
48
30
29
51
42
12
7
70
11
47
52
77
2
27
32
68
9
72
67
37
28
50
49
31
38
3
60
23
24
61
15
75
54
57
65
74
21
62
6
46
43
71
35
69
45
13
63
59
26
39
78
10
13
5
4
16
11
12
17
2
7
8
3
15
14
6
9
18
