40
53
20
16
66
34
10
44
8
36
33
73
17
58
5
14
22
25
4
64
18
55
56
19
76
41
48
30
29
51
42
12
7
70
11
47
52
77
2
27
32
68
9
72
67
37
28
50
49
31
38
3
60
23
24
61
15
75
54
57
65
74
21
62
6
46
43
71
35
69
45
13
63
59
26
39
78
6
4
3
9
2
8
7
5
10
7
9
10
8
11
2
5
3
4
6
12
9
6
13
7
3
5
15
2
12
14
10
4
11
8
16
42
28
21
50
14
12
52
37
25
68
7
32
6
72
26
44
60
35
54
4
34
65
45
10
16
40
3
63
36
75
13
78
22
19
30
9
59
66
27
81
2
56
17
24
74
53
64
61
5
70
8
47
20
80
43
67
73
38
18
49
79
29
48
23
39
57
11
77
51
76
15
58
46
31
71
69
33
62
55
41
82
54
36
27
43
18
46
67
12
75
39
9
33
23
50
87
63
6
62
91
51
73
14
58
30
70
4
65
48
25
38
97
13
85
52
3
81
31
11
99
47
79
5
90
88
7
41
29
83
15
21
35
22
29
11
26
36
37
27
24
13
4
18
10
40
23
35
38
12
34
28
41
2
15
9
31
5
8
20
3
33
25
39
30
19
16
6
7
17
32
14
21
42
2
42
28
21
50
14
12
52
37
25
68
7
32
6
72
26
44
60
35
54
4
34
65
45
10
16
40
3
63
36
75
13
78
22
19
30
9
59
66
27
81
2
56
17
24
74
53
64
61
5
70
8
47
20
80
43
67
73
38
18
49
79
29
48
23
39
57
11
77
51
76
15
58
46
31
71
69
33
62
55
41
82
30
20
15
12
10
17
37
46
6
43
5
50
38
4
48
7
23
28
3
45
51
18
32
26
25
35
19
57
2
40
24
34
33
27
41
8
14
56
31
36
52
11
55
21
9
54
16
53
13
22
42
49
47
44
39
29
58
45
30
67
18
15
51
78
10
9
81
52
48
70
6
39
21
5
75
49
17
85
31
26
57
24
33
35
43
3
23
64
27
55
28
47
77
82
16
69
76
53
29
87
2
60
36
13
20
73
7
12
42
61
34
62
25
66
86
46
54
56
65
32
63
58
4
72
40
14
84
68
50
83
19
41
37
8
80
79
11
38
74
71
22
59
44
88
21
14
31
33
7
6
36
32
37
15
24
19
3
11
18
29
16
13
39
2
28
25
12
23
30
38
22
17
26
4
9
5
35
34
8
10
27
20
40
12
8
6
14
4
10
3
18
7
21
2
16
5
20
13
19
9
17
15
11
22
27
18
40
32
9
38
20
6
16
29
31
49
19
46
10
25
3
14
8
48
41
30
42
17
51
2
36
11
23
12
5
45
39
50
28
43
7
34
4
22
24
37
47
33
15
44
21
13
35
26
52
9
6
13
7
3
5
15
2
12
14
10
4
11
8
16
10
13
5
4
16
11
12
17
2
7
8
3
15
14
6
9
18
30
20
15
12
10
17
37
46
6
43
5
50
38
4
48
7
23
28
3
45
51
18
32
26
25
35
19
57
2
40
24
34
33
27
41
8
14
56
31
36
52
11
55
21
9
54
16
53
13
22
42
49
47
44
39
29
58
15
10
22
6
5
25
11
13
3
8
17
9
27
2
20
12
21
26
16
18
4
24
23
7
19
14
28
19
25
28
15
31
16
14
33
26
27
34
20
8
5
7
24
35
2
13
30
32
29
17
3
10
11
4
23
21
6
22
9
12
18
36
4
5
2
3
6
