10
13
5
4
16
11
12
17
2
7
8
3
15
14
6
9
18
49
65
73
39
81
14
85
54
68
53
89
15
7
13
91
40
27
46
34
37
75
38
93
66
56
18
52
87
55
72
94
50
20
61
62
21
23
5
17
71
67
88
86
69
19
64
95
2
33
78
28
11
9
30
26
80
92
74
76
35
36
77
47
3
25
42
10
45
79
41
31
4
59
22
60
63
51
70
57
6
84
90
82
8
44
29
43
12
83
16
58
24
32
48
96
49
65
73
39
81
14
85
54
68
53
89
15
7
13
91
40
27
46
34
37
75
38
93
66
56
18
52
87
55
72
94
50
20
61
62
21
23
5
17
71
67
88
86
69
19
64
95
2
33
78
28
11
9
30
26
80
92
74
76
35
36
77
47
3
25
42
10
45
79
41
31
4
59
22
60
63
51
70
57
6
84
90
82
8
44
29
43
12
83
16
58
24
32
48
96
10
13
5
4
16
11
12
17
2
7
8
3
15
14
6
9
18
16
21
8
25
26
9
4
7
28
17
13
12
20
29
2
11
19
18
14
3
24
27
22
5
6
23
10
15
30
9
6
13
7
3
5
15
2
12
14
10
4
11
8
16
52
69
26
62
86
59
13
23
31
75
43
8
81
55
58
97
63
38
67
54
89
9
73
33
4
42
92
32
79
10
29
25
100
53
83
39
19
37
85
98
27
12
96
87
56
57
88
82
68
101
2
35
21
15
46
47
16
7
91
76
5
18
66
84
64
20
50
3
78
74
93
24
71
11
61
99
70
30
94
14
49
36
65
40
6
45
48
22
95
60
28
72
80
90
44
17
41
77
34
51
102
19
25
28
15
31
16
14
33
26
27
34
20
8
5
7
24
35
2
13
30
32
29
17
3
10
11
4
23
21
6
22
9
12
18
36
22
29
11
26
36
37
27
24
13
4
18
10
40
23
35
38
12
34
28
41
2
15
9
31
5
8
20
3
33
25
39
30
19
16
6
7
17
32
14
21
42
55
73
82
22
91
78
41
97
11
10
100
42
39
80
75
77
103
23
60
26
5
19
50
48
21
52
69
26
62
86
59
13
23
31
75
43
8
81
55
58
97
63
38
67
54
89
9
73
33
4
42
92
32
79
10
29
25
100
53
83
39
19
37
85
98
27
12
96
87
56
57
88
82
68
101
2
35
21
15
46
47
16
7
91
76
5
18
66
84
64
20
50
3
78
74
93
24
71
11
61
99
70
30
94
14
49
36
65
40
6
45
48
22
95
60
28
72
80
90
44
17
41
77
34
51
102
34
45
17
27
56
48
42
15
47
61
28
31
24
9
21
4
41
60
57
16
64
35
14
59
49
5
12
37
38
13
44
65
2
23
54
29
30
55
62
18
8
53
32
3
51
10
7
26
63
46
58
43
36
39
6
20
52
25
19
11
40
50
22
33
66
34
45
17
27
56
48
42
15
47
61
28
31
24
9
21
4
41
60
57
16
64
35
14
59
49
5
12
37
38
13
44
65
2
23
54
29
30
55
62
18
8
53
32
3
51
10
7
26
63
46
58
43
36
39
6
20
52
25
19
11
40
50
22
33
66
55
73
82
22
91
78
41
97
11
10
100
42
39
80
75
77
103
23
60
26
5
19
50
48
21
54
36
27
43
18
46
67
12
75
39
9
33
23
50
87
63
6
62
91
51
73
14
58
30
70
4
65
48
25
38
97
13
85
52
3
81
31
11
99
47
79
5
90
88
7
41
29
83
15
21
35
24
16
12
19
8
27
6
21
33
30
4
29
37
22
3
36
34
5
40
9
15
45
2
32
38
7
42
13
11
44
25
10
18
43
17
14
26
41
20
39
28
35
31
23
46
31
41
46
49
51
35
23
34
55
50
56
47
48
57
42
18
17
45
58
32
25
8
28
22
54
52
24
40
59
2
21
37
9
7
39
33
53
36
29
3
16
44
43
19
4
13
14
5
11
6
27
38
26
10
12
15
20
30
60
34
45
17
27
56
48
42
15
47
61
28
31
24
9
21
4
41
60
57
16
64
35
14
59
49
5
12
37
38
13
44
65
2
23
54
29
30
55
62
18
8
53
32
3
51
10
7
26
63
46
58
43
36
39
6
20
52
25
19
11
40
50
22
33
66
3
2
4
21
14
31
33
7
6
36
32
37
15
24
19
3
11
18
29
16
13
39
2
28
25
12
23
30
38
22
17
26
4
9
5
35
34
8
10
27
20
40
