19
25
28
15
31
16
14
33
26
27
34
20
8
5
7
24
35
2
13
30
32
29
17
3
10
11
4
23
21
6
22
9
12
18
36
42
28
21
50
14
12
52
37
25
68
7
32
6
72
26
44
60
35
54
4
34
65
45
10
16
40
3
63
36
75
13
78
22
19
30
9
59
66
27
81
2
56
17
24
74
53
64
61
5
70
8
47
20
80
43
67
73
38
18
49
79
29
48
23
39
57
11
77
51
76
15
58
46
31
71
69
33
62
55
41
82
51
34
76
81
17
29
38
45
91
46
59
70
65
27
19
6
73
16
96
77
23
22
80
97
35
15
83
7
64
88
60
49
3
26
87
71
8
57
48
69
89
47
62
9
11
43
40
33
99
2
68
61
58
90
92
39
54
12
32
53
44
93
30
14
75
98
52
41
13
37
94
18
86
66
4
21
79
78
24
5
85
28
95
82
74
36
31
42
55
10
56
63
72
84
20
25
67
50
100
54
36
27
43
18
46
67
12
75
39
9
33
23
50
87
63
6
62
91
51
73
14
58
30
70
4
65
48
25
38
97
13
85
52
3
81
31
11
99
47
79
5
90
88
7
41
29
83
15
21
35
51
34
76
81
17
29
38
45
91
46
59
70
65
27
19
6
73
16
96
77
23
22
80
97
35
15
83
7
64
88
60
49
3
26
87
71
8
57
48
69
89
47
62
9
11
43
40
33
99
2
68
61
58
90
92
39
54
12
32
53
44
93
30
14
75
98
52
41
13
37
94
18
86
66
4
21
79
78
24
5
85
28
95
82
74
36
31
42
55
10
56
63
72
84
20
25
67
50
100
2
42
28
21
50
14
12
52
37
25
68
7
32
6
72
26
44
60
35
54
4
34
65
45
10
16
40
3
63
36
75
13
78
22
19
30
9
59
66
27
81
2
56
17
24
74
53
64
61
5
70
8
47
20
80
43
67
73
38
18
49
79
29
48
23
39
57
11
77
51
76
15
58
46
31
71
69
33
62
55
41
82
54
36
27
43
18
46
67
12
75
39
9
33
23
50
87
63
6
62
91
51
73
14
58
30
70
4
65
48
25
38
97
13
85
52
3
81
31
11
99
47
79
5
90
88
7
41
29
83
15
21
35
45
30
67
18
15
51
78
10
9
81
52
48
70
6
39
21
5
75
49
17
85
31
26
57
24
33
35
43
3
23
64
27
55
28
47
77
82
16
69
76
53
29
87
2
60
36
13
20
73
7
12
42
61
34
62
25
66
86
46
54
56
65
32
63
58
4
72
40
14
84
68
50
83
19
41
37
8
80
79
11
38
74
71
22
59
44
88
7
9
10
8
11
2
5
3
4
6
12
7
9
10
8
11
2
5
3
4
6
12
3
2
4
9
6
13
7
3
5
15
2
12
14
10
4
11
8
16
57
38
85
68
19
97
99
88
34
72
66
87
55
73
82
22
91
78
41
97
11
10
100
42
39
80
75
77
103
23
60
26
5
19
50
48
21
42
28
21
50
14
12
52
37
25
68
7
32
6
72
26
44
60
35
54
4
34
65
45
10
16
40
3
63
36
75
13
78
22
19
30
9
59
66
27
81
2
56
17
24
74
53
64
61
5
70
8
47
20
80
43
67
73
38
18
49
79
29
48
23
39
57
11
77
51
76
15
58
46
31
71
69
33
62
55
41
82
57
38
85
68
19
97
99
88
34
72
66
87
12
8
6
14
4
10
3
18
7
21
2
16
5
20
13
19
9
17
15
11
22
57
38
85
68
19
97
99
88
34
72
66
87
54
36
27
43
18
46
67
12
75
39
9
33
23
50
87
63
6
62
91
51
73
14
58
30
70
4
65
48
25
38
97
13
85
52
3
81
31
11
99
47
79
5
90
88
7
41
29
83
15
21
35
16
21
8
25
26
9
4
7
28
17
13
12
20
29
2
11
19
18
14
3
24
27
22
5
6
23
10
15
30
34
45
17
27
56
48
42
15
47
61
28
31
24
9
21
4
41
60
57
16
64
35
14
59
49
5
12
37
38
13
44
65
2
23
54
29
30
55
62
18
8
53
32
3
51
10
7
26
63
46
58
43
36
39
6
20
52
25
19
11
40
50
22
33
66
36
24
18
57
12
61
9
8
64
13
6
11
66
19
40
46
4
15
32
44
42
34
3
54
41
50
33
49
45
55
20
28
23
69
2
48
43
51
16
26
22
38
21
30
17
68
37
29
27
39
56
67
25
31
52
5
60
65
58
7
63
62
10
59
14
53
47
35
70
30
20
15
12
10
17
37
46
6
43
5
50
38
4
48
7
23
28
3
45
51
18
32
26
25
35
19
57
2
40
24
34
33
27
41
8
14
56
31
36
52
11
55
21
9
54
16
53
13
22
42
49
47
44
39
29
58
37
49
55
44
61
21
64
65
22
20
67
45
47
39
32
43
69
50
11
7
10
54
70
38
59
46
60
68
56
33
16
31
58
48
71
2
25
15
42
57
40
17
5
13
27
14
35
3
19
63
66
62
23
4
30
41
34
26
28
6
53
51
8
9
52
12
29
18
24
36
72
34
45
17
27
56
48
42
15
47
61
28
31
24
9
21
4
41
60
57
16
64
35
14
59
49
5
12
37
38
13
44
65
2
23
54
29
30
55
62
18
8
53
32
3
51
10
7
26
63
46
58
43
36
39
6
20
52
25
19
11
40
50
22
33
66
15
10
22
6
5
25
11
13
3
8
17
9
27
2
20
12
21
26
16
18
4
24
23
7
19
14
28
19
25
28
15
31
16
14
33
26
27
34
20
8
5
7
24
35
2
13
30
32
29
17
3
10
11
4
23
21
6
22
9
12
18
36
37
49
55
44
61
21
64
65
22
20
67
45
47
39
32
43
69
50
11
7
10
54
70
38
59
46
60
68
56
33
16
31
58
48
71
2
25
15
42
57
40
17
5
13
27
14
35
3
19
63
66
62
23
4
30
41
34
26
28
6
53
51
8
9
52
12
29
18
24
36
72
