51
34
76
81
17
29
38
45
91
46
59
70
65
27
19
6
73
16
96
77
23
22
80
97
35
15
83
7
64
88
60
49
3
26
87
71
8
57
48
69
89
47
62
9
11
43
40
33
99
2
68
61
58
90
92
39
54
12
32
53
44
93
30
14
75
98
52
41
13
37
94
18
86
66
4
21
79
78
24
5
85
28
95
82
74
36
31
42
55
10
56
63
72
84
20
25
67
50
100
31
41
46
49
51
35
23
34
55
50
56
47
48
57
42
18
17
45
58
32
25
8
28
22
54
52
24
40
59
2
21
37
9
7
39
33
53
36
29
3
16
44
43
19
4
13
14
5
11
6
27
38
26
10
12
15
20
30
60
37
49
55
44
61
21
64
65
22
20
67
45
47
39
32
43
69
50
11
7
10
54
70
38
59
46
60
68
56
33
16
31
58
48
71
2
25
15
42
57
40
17
5
13
27
14
35
3
19
63
66
62
23
4
30
41
34
26
28
6
53
51
8
9
52
12
29
18
24
36
72
36
24
18
57
12
61
9
8
64
13
6
11
66
19
40
46
4
15
32
44
42
34
3
54
41
50
33
49
45
55
20
28
23
69
2
48
43
51
16
26
22
38
21
30
17
68
37
29
27
39
56
67
25
31
52
5
60
65
58
7
63
62
10
59
14
53
47
35
70
12
8
6
14
4
10
3
18
7
21
2
16
5
20
13
19
9
17
15
11
22
22
29
11
26
36
37
27
24
13
4
18
10
40
23
35
38
12
34
28
41
2
15
9
31
5
8
20
3
33
25
39
30
19
16
6
7
17
32
14
21
42
