51
34
76
81
17
29
38
45
91
46
59
70
65
27
19
6
73
16
96
77
23
22
80
97
35
15
83
7
64
88
60
49
3
26
87
71
8
57
48
69
89
47
62
9
11
43
40
33
99
2
68
61
58
90
92
39
54
12
32
53
44
93
30
14
75
98
52
41
13
37
94
18
86
66
4
21
79
78
24
5
85
28
95
82
74
36
31
42
55
10
56
63
72
84
20
25
67
50
100
31
41
46
49
51
35
23
34
55
50
56
47
48
57
42
18
17
45
58
32
25
8
28
22
54
52
24
40
59
2
21
37
9
7
39
33
53
36
29
3
16
44
43
19
4
13
14
5
11
6
27
38
26
10
12
15
20
30
60
19
25
28
15
31
16
14
33
26
27
34
20
8
5
7
24
35
2
13
30
32
29
17
3
10
11
4
23
21
6
22
9
12
18
36
15
10
22
6
5
25
11
13
3
8
17
9
27
2
20
12
21
26
16
18
4
24
23
7
19
14
28
19
25
28
15
31
16
14
33
26
27
34
20
8
5
7
24
35
2
13
30
32
29
17
3
10
11
4
23
21
6
22
9
12
18
36
10
13
5
4
16
11
12
17
2
7
8
3
15
14
6
9
18
54
36
27
43
18
46
67
12
75
39
9
33
23
50
87
63
6
62
91
51
73
14
58
30
70
4
65
48
25
38
97
13
85
52
3
81
31
11
99
47
79
5
90
88
7
41
29
83
15
21
35
24
16
12
19
8
27
6
21
33
30
4
29
37
22
3
36
34
5
40
9
15
45
2
32
38
7
42
13
11
44
25
10
18
43
17
14
26
41
20
39
28
35
31
23
46
42
28
21
50
14
12
52
37
25
68
7
32
6
72
26
44
60
35
54
4
34
65
45
10
16
40
3
63
36
75
13
78
22
19
30
9
59
66
27
81
2
56
17
24
74
53
64
61
5
70
8
47
20
80
43
67
73
38
18
49
79
29
48
23
39
57
11
77
51
76
15
58
46
31
71
69
33
62
55
41
82
22
29
11
26
36
37
27
24
13
4
18
10
40
23
35
38
12
34
28
41
2
15
9
31
5
8
20
3
33
25
39
30
19
16
6
7
17
32
14
21
42
34
45
17
27
56
48
42
15
47
61
28
31
24
9
21
4
41
60
57
16
64
35
14
59
49
5
12
37
38
13
44
65
2
23
54
29
30
55
62
18
8
53
32
3
51
10
7
26
63
46
58
43
36
39
6
20
52
25
19
11
40
50
22
33
66
55
73
82
22
91
78
41
97
11
10
100
42
39
80
75
77
103
23
60
26
5
19
50
48
21
34
45
17
27
56
48
42
15
47
61
28
31
24
9
21
4
41
60
57
16
64
35
14
59
49
5
12
37
38
13
44
65
2
23
54
29
30
55
62
18
8
53
32
3
51
10
7
26
63
46
58
43
36
39
6
20
52
25
19
11
40
50
22
33
66
3
2
4
21
14
31
33
7
6
36
32
37
15
24
19
3
11
18
29
16
13
39
2
28
25
12
23
30
38
22
17
26
4
9
5
35
34
8
10
27
20
40
30
20
15
12
10
17
37
46
6
43
5
50
38
4
48
7
23
28
3
45
51
18
32
26
25
35
19
57
2
40
24
34
33
27
41
8
14
56
31
36
52
11
55
21
9
54
16
53
13
22
42
49
47
44
39
29
58
22
29
11
26
36
37
27
24
13
4
18
10
40
23
35
38
12
34
28
41
2
15
9
31
5
8
20
3
33
25
39
30
19
16
6
7
17
32
14
21
42
22
29
11
26
36
37
27
24
13
4
18
10
40
23
35
38
12
34
28
41
2
15
9
31
5
8
20
3
33
25
39
30
19
16
6
7
17
32
14
21
42
15
10
22
6
5
25
11
13
3
8
17
9
27
2
20
12
21
26
16
18
4
24
23
7
19
14
28
16
21
8
25
26
9
4
7
28
17
13
12
20
29
2
11
19
18
14
3
24
27
22
5
6
23
10
15
30
27
18
40
32
9
38
20
6
16
29
31
49
19
46
10
25
3
14
8
48
41
30
42
17
51
2
36
11
23
12
5
45
39
50
28
43
7
34
4
22
24
37
47
33
15
44
21
13
35
26
52
19
25
28
15
31
16
14
33
26
27
34
20
8
5
7
24
35
2
13
30
32
29
17
3
10
11
4
23
21
6
22
9
12
18
36
15
10
22
6
5
25
11
13
3
8
17
9
27
2
20
12
21
26
16
18
4
24
23
7
19
14
28
9
6
13
7
3
5
15
2
12
14
10
4
11
8
16
16
21
8
25
26
9
4
7
28
17
13
12
20
29
2
11
19
18
14
3
24
27
22
5
6
23
10
15
30
30
20
15
12
10
17
37
46
6
43
5
50
38
4
48
7
23
28
3
45
51
18
32
26
25
35
19
57
2
40
24
34
33
27
41
8
14
56
31
36
52
11
55
21
9
54
16
53
13
22
42
49
47
44
39
29
58
16
21
8
25
26
9
4
7
28
17
13
12
20
29
2
11
19
18
14
3
24
27
22
5
6
23
10
15
30
30
20
15
12
10
17
37
46
6
43
5
50
38
4
48
7
23
28
3
45
51
18
32
26
25
35
19
57
2
40
24
34
33
27
41
8
14
56
31
36
52
11
55
21
9
54
16
53
13
22
42
49
47
44
39
29
58
