57
38
85
68
19
97
99
88
34
72
66
87
9
6
13
7
3
5
15
2
12
14
10
4
11
8
16
2
36
24
18
57
12
61
9
8
64
13
6
11
66
19
40
46
4
15
32
44
42
34
3
54
41
50
33
49
45
55
20
28
23
69
2
48
43
51
16
26
22
38
21
30
17
68
37
29
27
39
56
67
25
31
52
5
60
65
58
7
63
62
10
59
14
53
47
35
70
57
38
85
68
19
97
99
88
34
72
66
87
22
29
11
26
36
37
27
24
13
4
18
10
40
23
35
38
12
34
28
41
2
15
9
31
5
8
20
3
33
25
39
30
19
16
6
7
17
32
14
21
42
19
25
28
15
31
16
14
33
26
27
34
20
8
5
7
24
35
2
13
30
32
29
17
3
10
11
4
23
21
6
22
9
12
18
36
54
36
27
43
18
46
67
12
75
39
9
33
23
50
87
63
6
62
91
51
73
14
58
30
70
4
65
48
25
38
97
13
85
52
3
81
31
11
99
47
79
5
90
88
7
41
29
83
15
21
35
34
45
17
27
56
48
42
15
47
61
28
31
24
9
21
4
41
60
57
16
64
35
14
59
49
5
12
37
38
13
44
65
2
23
54
29
30
55
62
18
8
53
32
3
51
10
7
26
63
46
58
43
36
39
6
20
52
25
19
11
40
50
22
33
66
36
24
18
57
12
61
9
8
64
13
6
11
66
19
40
46
4
15
32
44
42
34
3
54
41
50
33
49
45
55
20
28
23
69
2
48
43
51
16
26
22
38
21
30
17
68
37
29
27
39
56
67
25
31
52
5
60
65
58
7
63
62
10
59
14
53
47
35
70
31
41
46
49
51
35
23
34
55
50
56
47
48
57
42
18
17
45
58
32
25
8
28
22
54
52
24
40
59
2
21
37
9
7
39
33
53
36
29
3
16
44
43
19
4
13
14
5
11
6
27
38
26
10
12
15
20
30
60
19
25
28
15
31
16
14
33
26
27
34
20
8
5
7
24
35
2
13
30
32
29
17
3
10
11
4
23
21
6
22
9
12
18
36
40
53
20
16
66
34
10
44
8
36
33
73
17
58
5
14
22
25
4
64
18
55
56
19
76
41
48
30
29
51
42
12
7
70
11
47
52
77
2
27
32
68
9
72
67
37
28
50
49
31
38
3
60
23
24
61
15
75
54
57
65
74
21
62
6
46
43
71
35
69
45
13
63
59
26
39
78
22
29
11
26
36
37
27
24
13
4
18
10
40
23
35
38
12
34
28
41
2
15
9
31
5
8
20
3
33
25
39
30
19
16
6
7
17
32
14
21
42
54
36
27
43
18
46
67
12
75
39
9
33
23
50
87
63
6
62
91
51
73
14
58
30
70
4
65
48
25
38
97
13
85
52
3
81
31
11
99
47
79
5
90
88
7
41
29
83
15
21
35
37
49
55
44
61
21
64
65
22
20
67
45
47
39
32
43
69
50
11
7
10
54
70
38
59
46
60
68
56
33
16
31
58
48
71
2
25
15
42
57
40
17
5
13
27
14
35
3
19
63
66
62
23
4
30
41
34
26
28
6
53
51
8
9
52
12
29
18
24
36
72
31
41
46
49
51
35
23
34
55
50
56
47
48
57
42
18
17
45
58
32
25
8
28
22
54
52
24
40
59
2
21
37
9
7
39
33
53
36
29
3
16
44
43
19
4
13
14
5
11
6
27
38
26
10
12
15
20
30
60
45
30
67
18
15
51
78
10
9
81
52
48
70
6
39
21
5
75
49
17
85
31
26
57
24
33
35
43
3
23
64
27
55
28
47
77
82
16
69
76
53
29
87
2
60
36
13
20
73
7
12
42
61
34
62
25
66
86
46
54
56
65
32
63
58
4
72
40
14
84
68
50
83
19
41
37
8
80
79
11
38
74
71
22
59
44
88
49
65
73
39
81
14
85
54
68
53
89
15
7
13
91
40
27
46
34
37
75
38
93
66
56
18
52
87
55
72
94
50
20
61
62
21
23
5
17
71
67
88
86
69
19
64
95
2
33
78
28
11
9
30
26
80
92
74
76
35
36
77
47
3
25
42
10
45
79
41
31
4
59
22
60
63
51
70
57
6
84
90
82
8
44
29
43
12
83
16
58
24
32
48
96
54
36
27
43
18
46
67
12
75
39
9
33
23
50
87
63
6
62
91
51
73
14
58
30
70
4
65
48
25
38
97
13
85
52
3
81
31
11
99
47
79
5
90
88
7
41
29
83
15
21
35
36
24
18
57
12
61
9
8
64
13
6
11
66
19
40
46
4
15
32
44
42
34
3
54
41
50
33
49
45
55
20
28
23
69
2
48
43
51
16
26
22
38
21
30
17
68
37
29
27
39
56
67
25
31
52
5
60
65
58
7
63
62
10
59
14
53
47
35
70
24
16
12
19
8
27
6
21
33
30
4
29
37
22
3
36
34
5
40
9
15
45
2
32
38
7
42
13
11
44
25
10
18
43
17
14
26
41
20
39
28
35
31
23
46
