6
4
3
9
2
8
7
5
10
19
25
28
15
31
16
14
33
26
27
34
20
8
5
7
24
35
2
13
30
32
29
17
3
10
11
4
23
21
6
22
9
12
18
36
34
45
17
27
56
48
42
15
47
61
28
31
24
9
21
4
41
60
57
16
64
35
14
59
49
5
12
37
38
13
44
65
2
23
54
29
30
55
62
18
8
53
32
3
51
10
7
26
63
46
58
43
36
39
6
20
52
25
19
11
40
50
22
33
66
21
14
31
33
7
6
36
32
37
15
24
19
3
11
18
29
16
13
39
2
28
25
12
23
30
38
22
17
26
4
9
5
35
34
8
10
27
20
40
40
53
20
16
66
34
10
44
8
36
33
73
17
58
5
14
22
25
4
64
18
55
56
19
76
41
48
30
29
51
42
12
7
70
11
47
52
77
2
27
32
68
9
72
67
37
28
50
49
31
38
3
60
23
24
61
15
75
54
57
65
74
21
62
6
46
43
71
35
69
45
13
63
59
26
39
78
52
69
26
62
86
59
13
23
31
75
43
8
81
55
58
97
63
38
67
54
89
9
73
33
4
42
92
32
79
10
29
25
100
53
83
39
19
37
85
98
27
12
96
87
56
57
88
82
68
101
2
35
21
15
46
47
16
7
91
76
5
18
66
84
64
20
50
3
78
74
93
24
71
11
61
99
70
30
94
14
49
36
65
40
6
45
48
22
95
60
28
72
80
90
44
17
41
77
34
51
102
40
53
20
16
66
34
10
44
8
36
33
73
17
58
5
14
22
25
4
64
18
55
56
19
76
41
48
30
29
51
42
12
7
70
11
47
52
77
2
27
32
68
9
72
67
37
28
50
49
31
38
3
60
23
24
61
15
75
54
57
65
74
21
62
6
46
43
71
35
69
45
13
63
59
26
39
78
57
38
85
68
19
97
99
88
34
72
66
87
22
29
11
26
36
37
27
24
13
4
18
10
40
23
35
38
12
34
28
41
2
15
9
31
5
8
20
3
33
25
39
30
19
16
6
7
17
32
14
21
42
2
51
34
76
81
17
29
38
45
91
46
59
70
65
27
19
6
73
16
96
77
23
22
80
97
35
15
83
7
64
88
60
49
3
26
87
71
8
57
48
69
89
47
62
9
11
43
40
33
99
2
68
61
58
90
92
39
54
12
32
53
44
93
30
14
75
98
52
41
13
37
94
18
86
66
4
21
79
78
24
5
85
28
95
82
74
36
31
42
55
10
56
63
72
84
20
25
67
50
100
15
10
22
6
5
25
11
13
3
8
17
9
27
2
20
12
21
26
16
18
4
24
23
7
19
14
28
16
21
8
25
26
9
4
7
28
17
13
12
20
29
2
11
19
18
14
3
24
27
22
5
6
23
10
15
30
27
18
40
32
9
38
20
6
16
29
31
49
19
46
10
25
3
14
8
48
41
30
42
17
51
2
36
11
23
12
5
45
39
50
28
43
7
34
4
22
24
37
47
33
15
44
21
13
35
26
52
