240 50143 -12090
90 112088 -17741
4144 1205 -1316
432 38343 -6548
168 -51 59
10 -1212199 957871
2886 12284 -429
28 -132239 37507
2886 -554 139
15 -473360 73573
45 333028 -87481
22 562421 -75954
2072 -761 6360
99 15623 -356
6 722752 -491015
8 319295 -110258
24 20021 -5960
56 -227642 34897
69 22799 -8454
126 153417 -44449
60 134761 -24597
12 176747 -3973
3996 -3895 631
72 9272 -27811
9 143832 -2911
20 991771 -1227057
40 293659 -78383
48 -49436 23435
400 103453 -18209
84 17628 -6665
588 -6541 2275
27 -1254893 775665
1560 8773 -637
3 -488751 81349
780 -3253 2040
3 378309 -32153
