16 -95464 1119
9030 -2873 508
19 815413 -21043
63 38753 -31169
54 77391 -27859
480 -11747 11473
600 26210 -7403
3 -860318 822609
24 433834 -90921
30 -22810 195149
48 95218 -8913
8 -51157 73559
54 -108118 71747
378 18787 -3104
6 -88083 21565
84 -95522 33227
8 1126982 -742825
24 117929 -84219
96 -59753 34747
18 -232620 32233
30 52804 -346191
156 11338 -2729
34 85094 -8553
1680 -4727 565
6600 -3777 3910
27 -709214 450371
10 281743 -92847
13 -104824 56667
1404 2341 -5484
1440 -544 763
117 17620 -84727
52 -4406 5835
1924 -4106 4639
275 -7055 26046
95 74372 -9265
2700 347 -196
1406 -557 86
