1 32 -12649303
1 -104 209687761
1 938 -390209899
2 -247 149602066
63 -1 352188
2 -397 6049406
2 -20 761819
6 -41 23999684
1 -1023 450312067
9 118 -22396527
1 -259 94078429
13 -1 9890071
2 -752 276181951
1 9 -3181133
1 166 -29884411
2 15 -17496784
1 -379 93011534
1 117 -14994142
3 -16 25625861
13 -59 2273029
12 -2 11066513
3 -32 91603229
6 31 -15148337
3 79 -43317692
1 202 -70448891
1 -266 356823991
1 180 -99796163
2 -564 219295763
13 57 -11167468
3 -234 82548919
2 -155 128954002
1 -102 29110973
1 -1217 37390156
1 471 -60311537
9 15 -1925606
2 -70 44924429
3 -173 152517376
1 -149 25948291
