50013 379 -2510
750195 -45 118
50013 -414 1745
50013 -5454 2803
650169 -1023 635
50013 6399 -5122
50013 -165 277
100026 3700 -509
50013 8332 -321
350091 350 -547
300078 -231 547
100026 2238 -1043
200052 667 -335
100026 1623 -206
150039 973 -1259
50013 4079 -2421
100026 -3905 4533
50013 381 -1276
300078 659 -757
100026 785 -1683
50013 753 -1106
100026 4157 -2413
2550663 -73 21
250065 -1352 1071
50013 1381 -2997
100026 1620 -1409
50013 7978 -8297
50013 4072 -3031
50013 -1615 4274
50013 4743 -2654
50013 12803 -9061
50013 -9550 403
50013 -13981 882
200052 -601 235
50013 5941 -6390
150039 343 -33
100026 1254 -905
50013 5462 -12537
