72 70261 -78736
19 488284 -63837
51 -294807 30086
962 3770 -997
6 373255 -311571
96 -51644 142527
36 211077 -4628
90 -7609 3169
38 1153 -17525
50 -333557 165532
32 92060 -5651
1 133159 -18595
18 1445551 -1050611
39 -8477 6070
104 14303 -4719
126 2111 -515
15 -149831 48214
48 133593 -16210
528 39451 -25985
2 642935 -182911
1280 547 -508
138 -17309 1971
372 9809 -1992
8 1089283 -353753
5 -1028761 699178
374 36583 -12412
2250 -2136 407
90 -7244 77991
1 -201041 29336
70 -1856 427
2 -449983 153012
18 -436301 179818
42 53107 -3100
159 1205 -116
3 1292453 -80380
6 742012 -776957
270 114638 -12107
84 -2717 151
