48 64709 -431
26 79825 -14004
78 239162 -95565
174 -12569 1239
3 53867 -211129
10 481736 -152313
42 89474 -25369
24 -1844 3543
21 -102247 417
13 45863 -3771
13 285374 -18475
255 19428 -7127
3380 5681 -121
46 -414535 178763
312 -8216 21999
10 93031 -2301
23 -102466 478193
15 337147 -68377
12 -13201 316
27 68776 -29045
3219 -10490 377
12 -83210 643489
133 -119512 102411
999 4889 -1038
30 62286 -5851
64 20405 -47974
75 291854 -96151
57 -22782 1753
11 -799402 417173
6 -284944 42677
312 -199 2563
19 219547 -46041
220 -29308 26369
300 7019 -3631
540 469 -9
6 167666 -14279
