216 -89722 13781
76 230039 -108995
648 -14422 8219
756 3794 -3557
1848 -367 655
75 246188 -87263
54 -811457 111191
66 47240 -33183
102 161321 -5249
24 -6963 56693
1 176593 -81352
702 8780 -299
48 44479 -4623
29 -1051673 1498915
777 -22765 5143
75 -38733 40570
16 473665 -19387
48 334447 -200403
30 310400 -23067
1924 -3013 1158
15 232662 -26093
42 91474 -26411
87 173753 -86810
261 112780 -17687
12 -90974 118735
96 25083 -23134
1260 -27092 5905
96 -148889 65833
30 -201158 41669
36 127061 -50035
42 -54380 26547
375 -62027 22999
125 -71167 845
925 11045 -2871
2 213172 -657
1800 8757 -3328
45 126000 -87889
60 117746 -2683
