24 -367537 25497
18 17546 -21239
294 59527 -55778
30 -808504 244415
23 890647 -10628
30 -544093 64803
26 -218005 50157
69 93985 -80746
90 73031 -37260
16 -52726 145759
45 -118052 111985
132 17740 -1107
24 42752 -24159
54 12874 -78747
180 28309 -81786
9 32771 -182467
3 712601 -26594
30 421949 -21751
90 -3451 166393
63 -103683 25298
9 1077 -10877
630 -14445 496
30 145321 -122618
17 -964021 836859
22 1394260 -7817
435 -16559 9283
66 26629 -16631
90 21069 -2824
42 -17137 363872
48 -14817 1913
87 -1988 92283
888 -88 49
60 -8941 8749
16 592108 -246749
