168 38237 -8611
153 -45930 7427
15 187288 -64301
25 -244586 68561
51 31346 -243141
9 416197 -752857
21 -308075 19207
243 10649 -3422
1406 -2491 2581
144 147218 -30441
1080 -152 5697
306 -540 4481
296 -38635 22189
57 -38791 16729
2 -128039 86939
22 155794 -193003
21 47423 -8348
7 -1449436 1064351
6 153161 -258731
3 -1416466 32661
3816 -4891 1391
33 53472 -38303
3480 -2954 3397
13 180290 -454767
108 83925 -100981
288 -9685 1178
1125 -23424 8089
54 -8549 39247
36 -6232 639
22 -346955 24509
1980 -10749 5020
57 -89089 3709
7 -1067969 540983
24 -425363 101184
21 -903 124267
77 -6361 7463
