2
100350113 100350137 
3
100350013 100350049 100350053 
7
100349969 100349993 100349999 100350013 100350049 100350053 100350067 
6
100349891 100349923 100349933 100349969 100349993 100349999 
8
100349933 100349969 100349993 100349999 100350013 100350049 100350053 100350067 
2
100350049 100350053 
7
100349993 100349999 100350013 100350049 100350053 100350067 100350079 
6
100350013 100350049 100350053 100350067 100350079 100350097 
3
100349969 100349993 100349999 
5
100350013 100350049 100350053 100350067 100350079 
4
100349999 100350013 100350049 100350053 
2
100350067 100350079 
5
100350049 100350053 100350067 100350079 100350097 
2
100350079 100350097 
0
