2
100350067 100350079 
546
6
100349969 100349993 100349999 100350013 100350049 100350053 
3
100350067 100350079 100350097 
1
100350097 
2
100350097 100350113 
10
100350013 100350049 100350053 100350067 100350079 100350097 100350113 100350137 100350139 100350143 
7
100349969 100349993 100349999 100350013 100350049 100350053 100350067 
6
100349969 100349993 100349999 100350013 100350049 100350053 
6
100349923 100349933 100349969 100349993 100349999 100350013 
2
100350079 100350097 
4
100349933 100349969 100349993 100349999 
6
100349923 100349933 100349969 100349993 100349999 100350013 
9
100350049 100350053 100350067 100350079 100350097 100350113 100350137 100350139 100350143 
8
100349969 100349993 100349999 100350013 100350049 100350053 100350067 100350079 
