5
100349933 100349969 100349993 100349999 100350013 
5
100350049 100350053 100350067 100350079 100350097 
3
100349969 100349993 100349999 
2
100350097 100350113 
1
100350097 
1
100350079 
3
100350079 100350097 100350113 
5
100350097 100350113 100350137 100350139 100350143 
7
100349993 100349999 100350013 100350049 100350053 100350067 100350079 
1
100350049 
5
100350049 100350053 100350067 100350079 100350097 
3
100350049 100350053 100350067 
6
100349969 100349993 100349999 100350013 100350049 100350053 
1
100350013 
8
100349993 100349999 100350013 100350049 100350053 100350067 100350079 100350097 
