48
900349183 900349199 900349211 900349259 900349273 900349279 900349301 900349327 900349339 900349349 900349391 900349433 900349481 900349493 900349511 900349547 900349577 900349589 900349607 900349613 900349633 900349657 900349663 900349669 900349673 900349687 900349693 900349711 900349727 900349763 900349783 900349799 900349811 900349817 900349831 900349837 900349841 900349847 900349859 900349861 900349909 900349943 900349951 900349981 900349993 900350029 900350051 900350069 
50
900349141 900349147 900349183 900349199 900349211 900349259 900349273 900349279 900349301 900349327 900349339 900349349 900349391 900349433 900349481 900349493 900349511 900349547 900349577 900349589 900349607 900349613 900349633 900349657 900349663 900349669 900349673 900349687 900349693 900349711 900349727 900349763 900349783 900349799 900349811 900349817 900349831 900349837 900349841 900349847 900349859 900349861 900349909 900349943 900349951 900349981 900349993 900350029 900350051 900350069 
30
900349577 900349589 900349607 900349613 900349633 900349657 900349663 900349669 900349673 900349687 900349693 900349711 900349727 900349763 900349783 900349799 900349811 900349817 900349831 900349837 900349841 900349847 900349859 900349861 900349909 900349943 900349951 900349981 900349993 900350029 
31
900349589 900349607 900349613 900349633 900349657 900349663 900349669 900349673 900349687 900349693 900349711 900349727 900349763 900349783 900349799 900349811 900349817 900349831 900349837 900349841 900349847 900349859 900349861 900349909 900349943 900349951 900349981 900349993 900350029 900350051 900350069 
36
900349349 900349391 900349433 900349481 900349493 900349511 900349547 900349577 900349589 900349607 900349613 900349633 900349657 900349663 900349669 900349673 900349687 900349693 900349711 900349727 900349763 900349783 900349799 900349811 900349817 900349831 900349837 900349841 900349847 900349859 900349861 900349909 900349943 900349951 900349981 900349993 
19
900349763 900349783 900349799 900349811 900349817 900349831 900349837 900349841 900349847 900349859 900349861 900349909 900349943 900349951 900349981 900349993 900350029 900350051 900350069 
21
900349711 900349727 900349763 900349783 900349799 900349811 900349817 900349831 900349837 900349841 900349847 900349859 900349861 900349909 900349943 900349951 900349981 900349993 900350029 900350051 900350069 
0
40
900349301 900349327 900349339 900349349 900349391 900349433 900349481 900349493 900349511 900349547 900349577 900349589 900349607 900349613 900349633 900349657 900349663 900349669 900349673 900349687 900349693 900349711 900349727 900349763 900349783 900349799 900349811 900349817 900349831 900349837 900349841 900349847 900349859 900349861 900349909 900349943 900349951 900349981 900349993 900350029 
21
900349711 900349727 900349763 900349783 900349799 900349811 900349817 900349831 900349837 900349841 900349847 900349859 900349861 900349909 900349943 900349951 900349981 900349993 900350029 900350051 900350069 
18
900349783 900349799 900349811 900349817 900349831 900349837 900349841 900349847 900349859 900349861 900349909 900349943 900349951 900349981 900349993 900350029 900350051 900350069 
1
900350051 
37
900349339 900349349 900349391 900349433 900349481 900349493 900349511 900349547 900349577 900349589 900349607 900349613 900349633 900349657 900349663 900349669 900349673 900349687 900349693 900349711 900349727 900349763 900349783 900349799 900349811 900349817 900349831 900349837 900349841 900349847 900349859 900349861 900349909 900349943 900349951 900349981 900349993 
57
48
900349183 900349199 900349211 900349259 900349273 900349279 900349301 900349327 900349339 900349349 900349391 900349433 900349481 900349493 900349511 900349547 900349577 900349589 900349607 900349613 900349633 900349657 900349663 900349669 900349673 900349687 900349693 900349711 900349727 900349763 900349783 900349799 900349811 900349817 900349831 900349837 900349841 900349847 900349859 900349861 900349909 900349943 900349951 900349981 900349993 900350029 900350051 900350069 
