0
3
100349969 100349993 100349999 
7
100349891 100349923 100349933 100349969 100349993 100349999 100350013 
8
100349969 100349993 100349999 100350013 100350049 100350053 100350067 100350079 
0
3
100350067 100350079 100350097 
6
100350049 100350053 100350067 100350079 100350097 100350113 
2
100350097 100350113 
1
100350013 
5
100350013 100350049 100350053 100350067 100350079 
4
100350013 100350049 100350053 100350067 
5
100349933 100349969 100349993 100349999 100350013 
9
100350049 100350053 100350067 100350079 100350097 100350113 100350137 100350139 100350143 
6
100349999 100350013 100350049 100350053 100350067 100350079 
5
100350049 100350053 100350067 100350079 100350097 
