8
100349969 100349993 100349999 100350013 100350049 100350053 100350067 100350079 
2
100350137 100350139 
7
100349969 100349993 100349999 100350013 100350049 100350053 100350067 
3
100350137 100350139 100350143 
4
100350079 100350097 100350113 100350137 
4
100349969 100349993 100349999 100350013 
3
100349969 100349993 100349999 
8
100349969 100349993 100349999 100350013 100350049 100350053 100350067 100350079 
7
100349923 100349933 100349969 100349993 100349999 100350013 100350049 
2
100350079 100350097 
7
100349969 100349993 100349999 100350013 100350049 100350053 100350067 
3
100349993 100349999 100350013 
1
100350013 
3
100349993 100349999 100350013 
2
100350067 100350079 
