16
800349833 800349877 800349911 800349947 800349967 800349973 800349983 800349989 800350009 800350039 800350069 800350079 800350081 800350087 800350093 800350097 
12
800349821 800349833 800349877 800349911 800349947 800349967 800349973 800349983 800349989 800350009 800350039 800350069 
3
800350093 800350097 800350139 
40
800349317 800349349 800349359 800349379 800349391 800349437 800349461 800349467 800349491 800349493 800349523 800349527 800349533 800349581 800349587 800349611 800349637 800349659 800349689 800349703 800349709 800349769 800349779 800349821 800349833 800349877 800349911 800349947 800349967 800349973 800349983 800349989 800350009 800350039 800350069 800350079 800350081 800350087 800350093 800350097 
1
800350039 
48
800349157 800349161 800349167 800349197 800349203 800349223 800349283 800349287 800349317 800349349 800349359 800349379 800349391 800349437 800349461 800349467 800349491 800349493 800349523 800349527 800349533 800349581 800349587 800349611 800349637 800349659 800349689 800349703 800349709 800349769 800349779 800349821 800349833 800349877 800349911 800349947 800349967 800349973 800349983 800349989 800350009 800350039 800350069 800350079 800350081 800350087 800350093 800350097 
5
800349967 800349973 800349983 800349989 800350009 
31
800349359 800349379 800349391 800349437 800349461 800349467 800349491 800349493 800349523 800349527 800349533 800349581 800349587 800349611 800349637 800349659 800349689 800349703 800349709 800349769 800349779 800349821 800349833 800349877 800349911 800349947 800349967 800349973 800349983 800349989 800350009 
19
800349689 800349703 800349709 800349769 800349779 800349821 800349833 800349877 800349911 800349947 800349967 800349973 800349983 800349989 800350009 800350039 800350069 800350079 800350081 
22
800349523 800349527 800349533 800349581 800349587 800349611 800349637 800349659 800349689 800349703 800349709 800349769 800349779 800349821 800349833 800349877 800349911 800349947 800349967 800349973 800349983 800349989 
2
800350039 800350069 
42
800349157 800349161 800349167 800349197 800349203 800349223 800349283 800349287 800349317 800349349 800349359 800349379 800349391 800349437 800349461 800349467 800349491 800349493 800349523 800349527 800349533 800349581 800349587 800349611 800349637 800349659 800349689 800349703 800349709 800349769 800349779 800349821 800349833 800349877 800349911 800349947 800349967 800349973 800349983 800349989 800350009 800350039 
34
800349359 800349379 800349391 800349437 800349461 800349467 800349491 800349493 800349523 800349527 800349533 800349581 800349587 800349611 800349637 800349659 800349689 800349703 800349709 800349769 800349779 800349821 800349833 800349877 800349911 800349947 800349967 800349973 800349983 800349989 800350009 800350039 800350069 800350079 
17
800349611 800349637 800349659 800349689 800349703 800349709 800349769 800349779 800349821 800349833 800349877 800349911 800349947 800349967 800349973 800349983 800349989 
15
800349659 800349689 800349703 800349709 800349769 800349779 800349821 800349833 800349877 800349911 800349947 800349967 800349973 800349983 800349989 
