0
0
0
3 5 6 10 12 17 19 20 21 23 24 27 29 33 34 35 37 38 39 40 42 43 45 46 47 48 54 55 58 59 65 66 67 68 70 71 73 74 75 76 78 79 80 84 86 89 90 92 93 94 96 101 103 107 108 110 
0
0
0
7 13 15 35 51 61 63 71 77 89 93 109 111 115 117 129 133 141 157 163 165 181 199 203 205 207 233 247 253 255 257 259 263 265 271 277 281 285 291 297 
2 3 5 7 8 11 12 17 18 19 20 26 27 28 30 32 39 42 44 45 46 48 50 53 58 59 61 62 63 65 66 68 69 70 71 72 74 75 76 79 80 82 86 87 91 93 94 97 98 99 101 102 103 104 105 107 108 110 111 112 114 115 120 123 125 127 128 129 131 134 141 143 145 146 147 153 154 155 156 161 162 165 166 168 170 171 
0
0
0
0
0
0
0
3 13 17 23 27 33 37 47 53 63 67 73 77 83 87 97 103 113 117 123 127 133 137 147 153 163 167 173 177 183 187 197 203 213 217 223 227 233 237 247 
6 11 14 18 19 24 26 29 30 33 34 37 42 43 44 46 53 54 55 56 57 59 61 62 70 71 72 76 77 78 82 87 90 95 96 97 98 99 104 107 109 111 116 120 127 129 130 132 133 134 136 137 139 141 143 145 146 148 150 158 159 162 163 165 166 167 168 170 172 176 177 178 183 184 185 186 191 193 199 202 203 206 210 212 213 215 216 220 223 224 228 229 230 234 236 238 239 242 244 248 
0
0
3 7 23 29 39 43 45 53 55 57 59 65 67 75 83 85 91 93 97 101 105 109 133 139 141 151 155 173 175 183 185 205 213 217 219 223 233 237 239 241 243 245 
0
0
3 5 6 7 10 12 14 19 20 24 27 28 33 37 38 39 40 41 43 45 47 48 51 53 54 55 56 63 65 66 69 71 74 75 76 77 78 80 82 83 85 86 87 90 91 93 94 96 97 101 102 103 105 106 107 108 109 110 112 115 119 125 126 127 130 131 132 138 142 145 147 148 149 150 151 152 154 155 156 160 161 163 164 166 167 170 171 172 174 175 177 179 180 181 182 183 186 188 191 192 194 201 202 203 204 206 209 210 212 214 216 217 218 219 220 224 229 230 233 237 238 243 245 247 250 251 252 254 
0
0
0
2 3 8 12 13 17 22 23 27 28 33 37 38 42 47 48 52 53 58 62 63 67 72 73 77 78 83 87 88 92 97 98 102 103 108 112 113 117 122 123 
0
3 6 7 12 14 23 24 28 29 39 43 45 46 48 53 55 56 57 58 59 65 67 75 78 83 85 86 90 91 92 93 96 97 101 105 106 109 110 112 114 116 118 
0
0
0
2 6 8 10 14 17 22 23 26 29 30 31 37 40 42 50 54 56 57 66 67 70 72 73 76 78 82 83 85 87 88 90 93 95 96 97 98 103 104 106 110 111 115 116 118 119 120 122 124 126 127 128 
0
0
7 11 13 31 41 51 57 61 63 69 79 85 87 95 97 99 101 105 111 113 115 117 
0
0
0
0
3 6 7 24 28 29 30 34 35 37 39 43 47 48 53 54 56 59 60 63 66 68 70 74 75 77 
0
2 5 11 14 20 23 29 32 38 41 47 50 56 59 65 68 74 77 
3 7 11 13 15 17 19 27 29 35 47 53 55 63 65 67 69 71 75 79 
2 5 6 8 13 14 15 18 19 20 22 24 32 34 35 39 42 43 45 46 47 50 52 53 54 55 56 57 58 60 62 66 67 71 72 73 74 76 79 80 82 
0
0
0
0
3 7 11 15 27 29 35 51 53 55 59 61 63 67 73 75 83 89 93 99 103 109 113 119 127 129 135 139 141 143 147 149 151 167 173 175 187 191 195 199 
0
2 5 8 
3 7 
2 6 7 8 10 
0
2 5 6 7 8 11 
3 5 13 
0
0
0
0
0
0
2 7 11 12 13 18 20 28 30 31 32 34 38 41 44 46 48 50 51 57 61 63 
0
0
0
7 11 13 14 17 21 22 28 31 33 35 42 44 46 47 52 53 55 56 59 61 62 63 65 66 67 68 69 
0
3 15 17 19 21 43 53 61 73 85 93 97 101 109 111 115 119 123 135 141 151 157 161 165 171 179 189 195 197 207 209 211 227 229 231 237 241 243 247 249 253 265 267 269 271 273 
0
0
0
0
0
2 3 7 8 10 12 15 17 18 19 22 26 27 28 29 31 32 33 35 39 40 42 46 48 50 59 60 63 68 69 71 72 74 75 76 77 82 83 85 86 88 90 91 94 95 98 101 102 104 106 107 108 109 110 111 112 113 114 116 122 123 124 128 129 130 132 134 135 137 139 140 141 145 146 147 153 155 156 157 158 159 160 161 162 163 165 167 168 171 174 175 178 179 181 183 184 186 187 192 193 194 195 197 198 200 201 206 209 210 219 221 223 227 229 230 234 236 237 238 240 241 242 243 247 250 251 252 254 257 259 261 262 266 267 
0
6 12 15 21 26 33 38 42 43 46 48 51 52 54 58 59 60 65 66 71 73 75 76 91 92 94 95 96 97 101 107 108 109 111 113 115 116 118 120 127 131 133 135 137 142 143 145 147 149 150 157 159 161 168 172 182 183 186 188 189 193 194 197 201 203 204 208 209 210 215 218 221 222 226 231 234 235 239 246 249 251 253 254 255 257 260 264 266 267 269 
0
0
0
2 3 8 10 11 12 13 14 15 18 21 23 27 32 34 38 40 41 43 44 48 50 51 52 55 56 57 58 59 60 62 65 66 70 71 72 74 75 77 78 79 83 84 87 89 90 91 92 93 94 97 98 99 101 105 106 108 109 111 115 117 122 126 128 131 134 135 136 137 138 139 141 146 147 
0
6 7 12 13 14 15 30 35 48 51 52 54 56 61 63 71 77 82 89 93 96 102 104 106 108 109 111 112 114 115 117 120 126 129 130 133 134 140 141 146 
0
0
0
0
0
0
0
0
