0
0
7 19 21 22 28 29 33 35 42 44 47 53 56 57 58 61 62 63 71 73 74 76 82 83 87 88 89 91 93 94 95 99 101 105 106 110 111 112 113 114 116 119 123 124 126 127 131 132 137 140 141 142 143 145 146 148 151 152 157 164 165 167 168 171 173 174 175 176 178 179 181 182 183 187 188 189 
0
5 10 11 13 15 17 19 20 22 26 29 30 33 34 35 37 38 39 40 41 44 45 47 51 52 53 57 58 60 61 66 68 70 71 73 74 76 77 78 79 80 82 87 88 89 90 91 94 99 102 103 104 105 106 111 113 114 115 116 117 119 120 122 123 125 127 132 133 135 136 140 141 142 146 148 149 152 153 154 155 156 158 159 160 163 164 167 171 173 174 176 178 180 182 183 188 
5 7 13 15 17 19 21 23 29 37 39 41 45 51 55 57 59 63 67 69 71 77 83 87 107 111 117 123 125 127 131 135 137 139 143 149 153 155 157 165 171 173 175 177 179 181 187 189 
0
0
0
0
3 11 15 17 19 21 27 31 37 39 41 43 47 55 
2 6 8 10 11 13 14 18 23 24 30 31 32 33 34 37 38 39 40 42 43 44 47 50 52 54 55 56 58 
0
2 6 7 10 17 18 21 26 29 30 31 32 35 40 43 44 51 54 55 59 
3 11 13 17 21 37 43 53 55 57 
0
0
0
0
2 7 11 12 13 18 20 28 30 31 32 34 38 41 44 46 48 50 51 57 61 63 
0
0
0
3 11 12 13 15 19 21 22 23 24 26 27 30 41 42 44 46 48 51 52 54 55 61 67 71 74 75 76 82 83 84 87 91 93 94 95 96 97 102 103 104 105 107 108 110 115 117 120 122 127 129 130 131 133 135 139 142 146 148 150 151 152 154 159 161 164 166 171 173 174 176 177 178 179 184 185 186 187 188 190 194 197 198 199 205 206 207 210 214 220 226 227 229 230 233 235 237 239 240 251 254 255 257 258 259 260 262 266 268 269 270 278 
0
3 5 12 14 17 18 20 22 26 31 35 37 45 46 47 48 50 55 56 65 68 69 72 75 80 82 87 88 98 104 107 109 114 118 119 123 124 126 133 139 140 145 146 147 148 153 154 162 166 170 171 173 178 180 182 183 184 186 187 188 189 190 191 192 193 194 198 200 202 206 209 210 213 220 221 224 226 231 234 239 242 243 247 249 255 258 259 260 270 272 273 274 276 277 
0
0
6 10 11 13 14 18 24 30 37 39 40 42 44 47 50 51 52 53 56 57 58 59 62 65 67 69 70 72 79 85 91 95 96 98 99 103 
0
0
0
0
0
0
0
0
7 19 21 22 28 29 33 35 42 44 47 53 56 57 58 61 62 63 71 73 74 76 82 83 87 88 89 91 93 94 95 99 101 105 106 110 111 112 113 114 116 119 123 124 126 127 131 132 137 140 141 142 143 145 146 148 151 152 157 164 165 167 168 171 173 174 175 176 178 179 181 182 183 187 188 189 
0
5 10 11 13 15 17 19 20 22 26 29 30 33 34 35 37 38 39 40 41 44 45 47 51 52 53 57 58 60 61 66 68 70 71 73 74 76 77 78 79 80 82 87 88 89 90 91 94 99 102 103 104 105 106 111 113 114 115 116 117 119 120 122 123 125 127 132 133 135 136 140 141 142 146 148 149 152 153 154 155 156 158 159 160 163 164 167 171 173 174 176 178 180 182 183 188 
5 7 13 15 17 19 21 23 29 37 39 41 45 51 55 57 59 63 67 69 71 77 83 87 107 111 117 123 125 127 131 135 137 139 143 149 153 155 157 165 171 173 175 177 179 181 187 189 
0
0
2 3 5 8 11 12 13 17 18 21 27 30 31 32 35 38 44 45 46 48 50 52 56 57 58 66 67 71 72 73 74 75 78 79 80 82 86 89 91 94 95 98 99 102 103 106 108 111 115 117 118 119 122 123 124 125 126 130 131 139 140 141 145 147 149 151 152 153 159 162 165 166 167 170 176 179 180 184 185 186 189 192 194 195 
0
3 6 15 19 21 22 24 30 34 37 38 39 41 44 48 54 68 69 71 73 75 77 84 87 95 97 99 105 108 110 113 118 119 120 127 129 133 134 141 142 143 146 148 149 150 152 153 154 156 163 164 166 167 168 170 173 176 179 183 185 186 189 190 192 195 197 
2 3 8 12 13 17 22 23 27 28 33 37 38 42 47 48 52 53 58 62 63 67 72 73 77 78 83 87 88 92 97 98 102 103 108 112 113 117 122 123 
0
0
2 3 5 7 8 11 12 13 18 19 20 23 27 28 29 30 32 34 41 42 44 45 47 48 50 51 52 62 63 66 70 72 74 75 76 78 79 80 85 86 89 92 93 98 99 101 103 105 106 108 110 111 112 113 114 116 117 118 119 120 122 125 127 128 129 130 131 134 136 138 139 142 146 147 151 154 155 157 159 162 163 164 165 166 168 171 173 174 175 176 177 179 180 181 182 183 185 187 188 190 192 194 195 200 201 204 207 208 213 214 215 217 218 219 221 223 227 230 231 241 242 243 245 246 248 249 251 252 259 261 263 264 265 266 270 273 274 275 280 281 282 285 286 288 290 291 
0
0
0
0
3 11 13 15 21 23 27 41 43 51 55 57 59 65 71 75 77 79 83 87 89 91 93 97 99 101 105 109 111 115 117 131 135 137 139 141 147 151 157 159 161 163 167 181 183 187 189 193 197 199 201 205 207 209 211 215 219 221 223 227 233 239 241 243 247 255 257 271 275 277 283 285 287 295 
0
0
0
7 13 15 35 51 61 63 71 77 89 93 109 111 115 117 129 133 141 157 163 165 181 199 203 205 207 233 247 253 255 257 259 263 265 271 277 281 285 291 297 
0
2 3 8 12 13 17 22 23 27 28 33 37 38 42 47 48 52 53 58 62 63 67 72 73 77 78 83 87 88 92 97 98 102 103 108 112 113 117 122 123 
0
0
0
3 13 15 21 29 33 
0
0
3 6 7 11 12 13 14 15 17 19 22 24 26 27 28 29 30 34 35 38 
0
3 5 7 12 18 19 20 26 28 29 30 33 34 37 
0
0
5 7 11 15 17 19 21 33 37 43 45 
5 10 11 13 15 19 20 22 23 26 29 30 31 33 35 38 39 40 41 43 44 45 46 
0
2 3 5 7 8 11 12 17 18 19 20 26 27 28 30 32 39 42 44 45 46 48 50 53 58 59 61 62 63 65 66 68 69 70 71 72 74 75 76 79 80 82 86 87 91 93 94 97 98 99 101 102 103 104 105 107 108 110 111 112 114 115 120 123 125 127 128 129 131 134 141 143 145 146 147 153 154 155 156 161 162 165 166 168 170 171 
0
0
0
0
5 13 15 19 35 39 43 45 47 53 55 57 67 71 73 79 85 89 91 97 101 103 105 107 115 117 125 129 133 135 137 139 141 143 145 149 155 157 159 163 165 
5 10 13 15 17 20 23 26 30 34 35 37 39 40 41 43 45 46 51 52 53 55 59 60 67 68 69 70 71 73 74 78 79 80 82 83 86 90 91 92 95 101 102 103 104 105 106 109 110 111 113 117 118 119 120 123 125 129 131 134 135 136 138 139 140 142 143 145 146 148 149 151 153 155 156 158 159 160 161 163 164 165 166 
0
2 6 7 11 15 19 20 24 28 32 33 37 41 45 46 50 54 58 59 63 67 71 72 76 80 84 85 89 93 97 98 102 106 110 111 115 119 123 124 128 132 136 137 141 145 149 150 154 158 162 163 167 
0
0
0
2 3 5 7 8 11 12 17 18 19 20 26 27 28 30 32 39 42 44 45 46 48 50 53 58 59 61 62 63 65 66 68 69 70 71 72 74 75 76 79 80 82 86 87 91 93 94 97 98 99 101 102 103 104 105 107 108 110 111 112 114 115 120 123 125 127 128 129 131 134 141 143 145 146 147 153 154 155 156 161 162 165 166 168 170 171 
0
0
0
0
0
5 13 15 19 35 39 43 45 47 53 55 57 67 71 73 79 85 89 91 97 101 103 105 107 115 117 125 129 133 135 137 139 141 143 145 149 155 157 159 163 165 
5 10 13 15 17 20 23 26 30 34 35 37 39 40 41 43 45 46 51 52 53 55 59 60 67 68 69 70 71 73 74 78 79 80 82 83 86 90 91 92 95 101 102 103 104 105 106 109 110 111 113 117 118 119 120 123 125 129 131 134 135 136 138 139 140 142 143 145 146 148 149 151 153 155 156 158 159 160 161 163 164 165 166 
0
6 10 11 13 14 18 24 30 37 39 40 42 44 47 50 51 52 53 56 57 58 59 62 65 67 69 70 72 79 85 91 95 96 98 99 103 
0
0
0
