0
6 7 12 13 14 15 30 35 48 51 52 54 56 61 63 71 77 82 89 93 96 102 104 106 108 109 111 112 114 115 117 120 126 129 130 133 134 140 141 146 
0
0
0
3 5 6 10 11 12 20 21 22 23 24 35 40 42 44 45 46 48 51 57 61 67 70 71 75 77 79 80 84 85 88 90 92 93 96 97 99 102 107 113 114 117 122 123 129 134 137 140 142 145 147 149 150 151 154 158 160 161 165 168 170 173 176 180 184 185 186 187 192 194 198 204 205 214 
5 7 11 15 17 19 21 33 37 43 45 
2 3 5 7 8 11 12 13 18 19 20 23 27 28 29 30 32 34 41 42 44 45 47 48 50 51 52 62 63 66 70 72 74 75 76 78 79 80 85 86 89 92 93 98 99 101 103 105 106 108 110 111 112 113 114 116 117 118 119 120 122 125 127 128 129 130 131 134 136 138 139 142 146 147 151 154 155 157 159 162 163 164 165 166 168 171 173 174 175 176 177 179 180 181 182 183 185 187 188 190 192 194 195 200 201 204 207 208 213 214 215 217 218 219 221 223 227 230 231 241 242 243 245 246 248 249 251 252 259 261 263 264 265 266 270 273 274 275 280 281 282 285 286 288 290 291 
0
0
0
0
3 11 13 15 21 23 27 41 43 51 55 57 59 65 71 75 77 79 83 87 89 91 93 97 99 101 105 109 111 115 117 131 135 137 139 141 147 151 157 159 161 163 167 181 183 187 189 193 197 199 201 205 207 209 211 215 219 221 223 227 233 239 241 243 247 255 257 271 275 277 283 285 287 295 
0
0
0
7 13 15 35 51 61 63 71 77 89 93 109 111 115 117 129 133 141 157 163 165 181 199 203 205 207 233 247 253 255 257 259 263 265 271 277 281 285 291 297 
0
0
0
0
0
0
2 3 5 7 8 11 12 17 18 19 20 26 27 28 30 32 39 42 44 45 46 48 50 53 58 59 61 62 63 65 66 68 69 70 71 72 74 75 76 79 80 82 86 87 91 93 94 97 98 99 101 102 103 104 105 107 108 110 111 112 114 115 120 123 125 127 128 129 131 134 141 143 145 146 147 153 154 155 156 161 162 165 166 168 170 171 
0
0
0
0
3 7 13 15 19 23 27 29 31 33 35 37 41 43 51 59 61 63 65 75 77 83 95 101 103 113 115 117 119 127 135 137 141 143 145 147 149 151 155 159 163 165 171 175 
2 6 7 8 10 11 18 21 23 24 26 28 30 32 33 34 35 37 38 40 41 44 50 53 54 55 58 62 63 69 71 72 73 78 79 84 86 90 91 92 94 96 97 98 99 102 103 104 105 109 111 112 113 114 115 118 119 120 122 123 127 128 130 131 132 133 134 136 137 140 143 148 150 152 154 157 159 160 162 163 164 165 166 167 170 174 175 176 178 
0
2 10 17 18 21 23 24 28 32 41 47 50 53 54 57 58 61 63 66 69 72 76 77 78 83 84 85 88 89 90 91 92 93 96 97 98 103 104 105 109 112 115 118 120 123 124 127 128 131 134 140 149 153 157 158 160 163 164 171 179 
2 5 11 14 20 23 
0
2 3 8 10 11 12 14 15 17 18 19 21 26 27 
0
3 6 11 12 13 17 21 22 24 26 
0
0
3 5 7 11 23 27 29 31 
0
0
2 5 13 15 17 18 19 20 22 24 32 35 
3 13 15 21 29 33 
0
0
0
0
7 11 13 31 41 51 57 61 63 69 79 85 87 95 97 99 101 105 111 113 115 117 
0
0
3 5 6 10 12 13 20 21 23 24 26 27 29 31 33 35 40 41 42 43 45 46 47 48 51 52 53 54 55 57 58 62 66 67 70 71 75 79 80 82 83 84 85 86 89 90 91 92 94 95 96 97 102 104 106 108 110 111 113 114 116 117 124 125 127 131 132 134 
0
0
0
0
0
0
5 6 15 18 20 21 22 24 26 34 38 43 50 53 55 60 61 62 63 66 69 70 72 73 74 77 80 83 84 85 87 88 91 94 95 96 97 102 104 107 114 119 123 131 133 135 136 137 139 142 151 152 
3 7 29 35 37 39 43 47 53 59 63 75 77 85 103 107 109 113 127 133 135 139 145 147 149 153 
0
0
0
5 11 23 29 41 47 59 65 77 83 95 101 113 119 131 137 149 155 
0
5 11 13 14 15 20 26 28 29 31 33 34 39 40 42 44 45 47 53 58 59 60 62 68 
5 13 15 17 19 35 39 55 57 59 61 69 
0
0
0
0
0
0
5 11 21 35 43 45 47 51 53 57 65 67 71 75 77 85 87 99 101 109 115 123 143 147 151 157 165 173 177 181 187 189 191 199 
0
0
2 6 7 8 13 17 18 19 24 28 29 30 35 39 40 41 46 50 51 52 57 61 62 63 68 72 73 74 79 83 84 85 90 94 95 96 101 105 106 107 112 116 117 118 
7 17 21 29 31 35 43 51 55 59 63 67 71 79 87 91 93 101 105 115 
0
0
2 3 8 12 13 17 22 23 27 28 33 37 38 42 47 48 52 53 58 62 63 67 72 73 77 78 83 87 88 92 97 98 102 103 108 112 113 117 122 123 
0
3 6 7 12 14 23 24 28 29 39 43 45 46 48 53 55 56 57 58 59 65 67 75 78 83 85 86 90 91 92 93 96 97 101 105 106 109 110 112 114 116 118 
3 5 10 12 17 19 24 26 31 33 38 40 45 47 
3 7 13 17 23 27 33 37 43 47 
0
0
2 3 5 8 12 14 18 19 20 21 22 23 26 27 30 31 32 33 34 35 39 41 45 48 50 51 
5 11 23 29 41 47 
0
0
0
3 11 15 17 19 21 27 31 37 39 41 43 47 55 
0
0
1 
2 
3 
2 3 
5 
3 5 6 
0
2 5 8 
3 7 
2 6 7 8 10 
3 7 13 15 19 23 27 29 31 33 35 37 41 43 51 59 61 63 65 75 77 83 95 101 103 113 115 117 119 127 135 137 141 143 145 147 149 151 155 159 163 165 171 175 
2 6 7 8 10 11 18 21 23 24 26 28 30 32 33 34 35 37 38 40 41 44 50 53 54 55 58 62 63 69 71 72 73 78 79 84 86 90 91 92 94 96 97 98 99 102 103 104 105 109 111 112 113 114 115 118 119 120 122 123 127 128 130 131 132 133 134 136 137 140 143 148 150 152 154 157 159 160 162 163 164 165 166 167 170 174 175 176 178 
0
2 10 17 18 21 23 24 28 32 41 47 50 53 54 57 58 61 63 66 69 72 76 77 78 83 84 85 88 89 90 91 92 93 96 97 98 103 104 105 109 112 115 118 120 123 124 127 128 131 134 140 149 153 157 158 160 163 164 171 179 
0
0
0
0
0
0
0
0
0
7 19 21 22 28 29 33 35 42 44 47 53 56 57 58 61 62 63 71 73 74 76 82 83 87 88 89 91 93 94 95 99 101 105 106 110 111 112 113 114 116 119 123 124 126 127 131 132 137 140 141 142 143 145 146 148 151 152 157 164 165 167 168 171 173 174 175 176 178 179 181 182 183 187 188 189 
