2 3 5 7 8 11 12 13 18 19 20 23 27 28 29 30 32 34 41 42 44 45 47 48 50 51 52 62 63 66 70 72 74 75 76 78 79 80 85 86 89 92 93 98 99 101 103 105 106 108 110 111 112 113 114 116 117 118 119 120 122 125 127 128 129 130 131 134 136 138 139 142 146 147 151 154 155 157 159 162 163 164 165 166 168 171 173 174 175 176 177 179 180 181 182 183 185 187 188 190 192 194 195 200 201 204 207 208 213 214 215 217 218 219 221 223 227 230 231 241 242 243 245 246 248 249 251 252 259 261 263 264 265 266 270 273 274 275 280 281 282 285 286 288 290 291 
0
0
3 7 23 29 39 43 45 53 55 57 59 65 67 75 83 85 91 93 97 101 105 109 133 139 141 151 155 173 175 183 185 205 213 217 219 223 233 237 239 241 243 245 
0
0
3 5 6 7 10 12 14 19 20 24 27 28 33 37 38 39 40 41 43 45 47 48 51 53 54 55 56 63 65 66 69 71 74 75 76 77 78 80 82 83 85 86 87 90 91 93 94 96 97 101 102 103 105 106 107 108 109 110 112 115 119 125 126 127 130 131 132 138 142 145 147 148 149 150 151 152 154 155 156 160 161 163 164 166 167 170 171 172 174 175 177 179 180 181 182 183 186 188 191 192 194 201 202 203 204 206 209 210 212 214 216 217 218 219 220 224 229 230 233 237 238 243 245 247 250 251 252 254 
0
0
0
0
17 23 29 31 37 57 67 73 83 85 87 93 95 97 103 111 115 119 127 133 137 139 141 145 153 157 161 171 173 181 185 187 197 201 203 207 209 213 219 221 227 229 235 237 241 247 249 251 253 255 257 259 
0
0
0
0
2 3 7 8 10 12 15 17 18 19 22 26 27 28 29 31 32 33 35 39 40 42 46 48 50 59 60 63 68 69 71 72 74 75 76 77 82 83 85 86 88 90 91 94 95 98 101 102 104 106 107 108 109 110 111 112 113 114 116 122 123 124 128 129 130 132 134 135 137 139 140 141 145 146 147 153 155 156 157 158 159 160 161 162 163 165 167 168 171 174 175 178 179 181 183 184 186 187 192 193 194 195 197 198 200 201 206 209 210 219 221 223 227 229 230 234 236 237 238 240 241 242 243 247 250 251 252 254 257 259 261 262 266 267 
0
0
0
7 11 13 14 17 21 22 28 31 33 35 42 44 46 47 52 53 55 56 59 61 62 63 65 66 67 68 69 
0
0
0
0
3 7 13 15 19 23 27 29 31 33 35 37 41 43 51 59 61 63 65 75 77 83 95 101 103 113 115 117 119 127 135 137 141 143 145 147 149 151 155 159 163 165 171 175 
2 6 7 8 10 11 18 21 23 24 26 28 30 32 33 34 35 37 38 40 41 44 50 53 54 55 58 62 63 69 71 72 73 78 79 84 86 90 91 92 94 96 97 98 99 102 103 104 105 109 111 112 113 114 115 118 119 120 122 123 127 128 130 131 132 133 134 136 137 140 143 148 150 152 154 157 159 160 162 163 164 165 166 167 170 174 175 176 178 
0
2 10 17 18 21 23 24 28 32 41 47 50 53 54 57 58 61 63 66 69 72 76 77 78 83 84 85 88 89 90 91 92 93 96 97 98 103 104 105 109 112 115 118 120 123 124 127 128 131 134 140 149 153 157 158 160 163 164 171 179 
0
0
0
0
0
0
0
0
0
7 19 21 22 28 29 33 35 42 44 47 53 56 57 58 61 62 63 71 73 74 76 82 83 87 88 89 91 93 94 95 99 101 105 106 110 111 112 113 114 116 119 123 124 126 127 131 132 137 140 141 142 143 145 146 148 151 152 157 164 165 167 168 171 173 174 175 176 178 179 181 182 183 187 188 189 
0
0
0
0
7 19 21 22 28 29 33 35 42 44 47 53 56 57 58 61 62 63 71 73 74 76 82 83 87 88 89 91 93 94 95 99 101 105 106 110 111 112 113 114 116 119 123 124 126 127 131 132 137 140 141 142 143 145 146 148 151 152 157 164 165 167 168 171 173 174 175 176 178 179 181 182 183 187 188 189 
0
5 10 11 13 15 17 19 20 22 26 29 30 33 34 35 37 38 39 40 41 44 45 47 51 52 53 57 58 60 61 66 68 70 71 73 74 76 77 78 79 80 82 87 88 89 90 91 94 99 102 103 104 105 106 111 113 114 115 116 117 119 120 122 123 125 127 132 133 135 136 140 141 142 146 148 149 152 153 154 155 156 158 159 160 163 164 167 171 173 174 176 178 180 182 183 188 
5 7 13 15 17 19 21 23 29 37 39 41 45 51 55 57 59 63 67 69 71 77 83 87 107 111 117 123 125 127 131 135 137 139 143 149 153 155 157 165 171 173 175 177 179 181 187 189 
0
0
0
2 5 11 14 20 23 29 32 38 41 47 50 56 59 65 68 74 77 
3 7 11 13 15 17 19 27 29 35 47 53 55 63 65 67 69 71 75 79 
2 5 6 8 13 14 15 18 19 20 22 24 32 34 35 39 42 43 45 46 47 50 52 53 54 55 56 57 58 60 62 66 67 71 72 73 74 76 79 80 82 
0
0
3 5 7 19 29 33 37 55 61 63 69 71 73 77 
0
0
3 6 7 12 13 14 15 19 23 24 26 27 28 29 30 31 33 35 37 38 41 43 46 48 51 52 54 56 58 59 60 61 62 63 65 66 70 74 75 76 77 82 83 86 
0
0
3 5 7 19 29 33 37 55 61 63 69 71 73 77 
0
0
2 5 6 8 13 14 15 17 18 20 22 24 31 32 35 37 38 39 41 42 45 46 50 51 52 54 55 56 58 60 61 66 67 68 72 80 83 86 88 91 93 94 95 96 98 105 106 107 111 114 115 117 118 119 123 124 125 126 127 128 130 135 137 138 140 142 143 145 146 148 149 150 151 152 153 154 156 157 158 162 163 164 165 168 170 174 178 179 180 183 184 187 191 193 194 197 198 199 200 201 202 204 206 208 211 215 216 217 218 220 223 224 226 
0
6 7 10 18 23 24 28 29 31 35 38 39 40 41 47 50 59 63 65 66 67 69 72 73 74 77 79 87 89 90 92 96 98 102 105 110 112 113 116 117 119 124 127 131 133 137 139 140 142 150 152 155 156 157 160 162 163 164 166 170 179 182 188 189 190 191 194 198 200 201 205 206 211 219 222 223 
0
0
0
3 5 6 10 11 12 17 20 21 22 24 27 34 35 39 40 41 42 43 44 45 47 48 53 54 57 59 61 65 67 68 69 70 73 75 77 78 79 80 82 83 84 86 87 88 90 93 94 95 96 97 99 103 106 108 111 114 115 118 119 122 125 127 130 134 136 137 138 139 140 143 145 146 147 149 150 151 153 154 155 156 158 160 163 164 165 166 168 172 174 176 179 180 185 186 188 189 190 191 192 193 194 198 199 206 209 211 212 213 216 221 222 223 227 228 230 
0
0
0
0
0
7 13 14 19 21 26 35 37 38 39 41 42 43 46 47 53 56 57 59 63 65 69 70 74 77 78 79 82 84 86 89 92 94 95 97 103 104 105 106 112 114 115 117 118 119 123 126 129 130 131 137 139 140 141 143 146 148 149 151 152 154 156 158 159 167 171 173 175 177 178 179 181 184 185 189 190 191 194 195 205 206 207 208 209 210 212 214 215 219 221 222 223 224 227 228 229 230 231 234 235 236 237 
0
7 13 14 19 21 26 35 37 38 39 41 42 43 46 47 53 56 57 59 63 65 69 70 74 77 78 79 82 84 86 89 92 94 95 97 103 104 105 106 112 114 115 117 118 119 123 126 129 130 131 137 139 140 141 143 146 148 149 151 152 154 156 158 159 167 171 173 175 177 178 179 181 184 185 189 190 191 194 195 205 206 207 208 209 210 212 214 215 219 221 222 223 224 227 228 229 230 231 234 235 236 237 
0
7 11 13 14 19 22 31 34 35 37 38 39 42 46 51 52 55 56 62 63 65 66 68 69 70 71 74 78 84 86 88 89 92 95 99 104 109 110 112 114 127 129 131 132 137 142 146 149 152 153 155 157 163 167 170 171 172 173 175 176 178 179 185 186 189 190 195 199 202 203 204 206 207 210 219 222 227 228 230 234 
7 13 17 19 29 35 39 41 51 57 61 63 73 79 83 85 95 101 105 107 117 123 127 129 139 145 149 151 161 167 171 173 183 189 193 195 205 211 215 217 227 233 237 239 
2 5 11 14 20 23 29 32 38 41 47 50 56 59 65 68 74 77 83 86 92 95 101 104 110 113 119 122 128 131 137 140 146 149 155 158 164 167 173 176 182 185 191 194 200 203 209 212 218 221 227 230 236 239 
0
0
0
0
0
2 3 7 10 17 22 29 35 39 41 48 57 61 72 74 75 77 85 91 92 106 108 111 112 116 118 127 128 130 131 133 141 142 145 149 152 155 158 159 160 162 164 165 166 167 174 175 181 187 190 191 192 195 202 205 207 
0
0
5 7 15 17 21 31 43 45 51 55 59 63 65 67 71 73 77 91 93 95 97 103 109 113 115 125 127 129 131 133 135 139 145 153 157 161 165 167 173 175 177 179 181 185 187 189 191 195 201 203 205 211 213 
0
0
0
11 13 37 39 47 51 53 57 59 65 67 69 79 85 91 95 99 103 115 119 123 127 133 139 149 151 153 159 161 165 167 171 179 181 205 207 
0
0
0
0
3 5 6 10 11 12 20 21 22 23 24 35 40 42 44 45 46 48 51 57 61 67 70 71 75 77 79 80 84 85 88 90 92 93 96 97 99 102 107 113 114 117 122 123 129 134 137 140 142 145 147 149 150 151 154 158 160 161 165 168 170 173 176 180 184 185 186 187 192 194 198 204 205 214 
3 
2 3 
5 
3 5 6 
0
2 5 8 
3 7 
2 6 7 8 10 
0
2 5 6 7 8 11 
3 5 13 
