5 7 11 15 19 21 
2 5 11 14 20 23 
0
2 3 8 10 11 12 14 15 17 18 19 21 26 27 
0
3 6 11 12 13 17 21 22 24 26 
0
0
0
0
0
3 5 6 
0
2 5 8 
3 7 
2 6 7 8 10 
0
2 5 6 7 8 11 
3 5 13 
0
2 6 8 10 11 13 14 18 23 24 30 31 32 33 34 37 38 39 40 42 43 44 47 50 52 54 55 56 58 
0
0
5 11 13 15 29 31 33 39 45 47 53 59 87 93 99 101 107 113 115 117 131 133 135 141 
0
0
2 3 8 10 11 12 13 14 15 18 21 23 27 32 34 38 40 41 43 44 48 50 51 52 55 56 57 58 59 60 62 65 66 70 71 72 74 75 77 78 79 83 84 87 89 90 91 92 93 94 97 98 99 101 105 106 108 109 111 115 117 122 126 128 131 134 135 136 137 138 139 141 146 147 
0
6 7 12 13 14 15 30 35 48 51 52 54 56 61 63 71 77 82 89 93 96 102 104 106 108 109 111 112 114 115 117 120 126 129 130 133 134 140 141 146 
0
0
0
5 7 15 17 21 31 43 45 51 55 59 63 65 67 71 73 77 91 93 95 97 103 109 113 115 125 127 129 131 133 135 139 145 153 157 161 165 167 173 175 177 179 181 185 187 189 191 195 201 203 205 211 213 
0
0
0
11 13 37 39 47 51 53 57 59 65 67 69 79 85 91 95 99 103 115 119 123 127 133 139 149 151 153 159 161 165 167 171 179 181 205 207 
0
0
7 13 17 19 21 
5 7 10 11 14 15 17 19 20 21 22 
0
2 3 7 8 12 13 17 18 22 23 
3 5 6 10 11 12 20 21 22 23 24 35 40 42 44 45 46 48 51 57 61 67 70 71 75 77 79 80 84 85 88 90 92 93 96 97 99 102 107 113 114 117 122 123 129 134 137 140 142 145 147 149 150 151 154 158 160 161 165 168 170 173 176 180 184 185 186 187 192 194 198 204 205 214 
0
0
3 5 17 19 21 23 27 29 33 35 37 39 43 45 47 55 59 65 67 71 73 75 79 89 93 101 103 107 119 123 125 133 137 147 151 153 155 159 161 167 171 179 181 183 187 189 191 193 197 199 203 205 207 209 221 223 
2 5 6 8 13 14 15 17 18 20 22 24 31 32 35 37 38 39 41 42 45 46 50 51 52 54 55 56 58 60 61 66 67 68 72 80 83 86 88 91 93 94 95 96 98 105 106 107 111 114 115 117 118 119 123 124 125 126 127 128 130 135 137 138 140 142 143 145 146 148 149 150 151 152 153 154 156 157 158 162 163 164 165 168 170 174 178 179 180 183 184 187 191 193 194 197 198 199 200 201 202 204 206 208 211 215 216 217 218 220 223 224 226 
0
6 7 10 18 23 24 28 29 31 35 38 39 40 41 47 50 59 63 65 66 67 69 72 73 74 77 79 87 89 90 92 96 98 102 105 110 112 113 116 117 119 124 127 131 133 137 139 140 142 150 152 155 156 157 160 162 163 164 166 170 179 182 188 189 190 191 194 198 200 201 205 206 211 219 222 223 
0
0
0
3 5 6 10 11 12 17 20 21 22 24 27 34 35 39 40 41 42 43 44 45 47 48 53 54 57 59 61 65 67 68 69 70 73 75 77 78 79 80 82 83 84 86 87 88 90 93 94 95 96 97 99 103 106 108 111 114 115 118 119 122 125 127 130 134 136 137 138 139 140 143 145 146 147 149 150 151 153 154 155 156 158 160 163 164 165 166 168 172 174 176 179 180 185 186 188 189 190 191 192 193 194 198 199 206 209 211 212 213 216 221 222 223 227 228 230 
0
0
0
2 3 10 13 14 15 
0
0
2 5 13 15 17 18 19 20 22 24 32 35 
3 13 15 21 29 33 
0
0
3 6 7 11 12 13 14 15 17 19 22 24 26 27 28 29 30 34 35 38 
0
3 5 7 12 18 19 20 26 28 29 30 33 34 37 
0
0
5 7 11 15 17 19 21 33 37 43 45 
0
0
3 5 19 21 23 27 31 33 35 39 41 45 51 55 61 65 67 71 73 75 79 83 85 87 101 103 
2 5 6 7 8 15 17 18 20 21 22 24 26 28 31 32 38 43 45 46 50 51 54 55 58 59 60 63 65 66 67 68 70 71 72 73 74 77 78 80 82 84 88 91 93 94 95 96 97 98 103 104 106 
2 3 5 8 11 12 13 17 18 21 27 30 31 32 35 38 44 45 46 48 50 52 56 57 58 66 67 71 72 73 74 75 78 79 80 82 86 89 91 94 95 98 99 102 103 106 108 111 115 117 118 119 122 123 124 125 126 130 131 139 140 141 145 147 149 151 152 153 159 162 165 166 167 170 176 179 180 184 185 186 189 192 194 195 
0
3 6 15 19 21 22 24 30 34 37 38 39 41 44 48 54 68 69 71 73 75 77 84 87 95 97 99 105 108 110 113 118 119 120 127 129 133 134 141 142 143 146 148 149 150 152 153 154 156 163 164 166 167 168 170 173 176 179 183 185 186 189 190 192 195 197 
0
0
3 7 11 15 27 29 35 51 53 55 59 61 63 67 73 75 83 89 93 99 103 109 113 119 127 129 135 139 141 143 147 149 151 167 173 175 187 191 195 199 
0
0
0
5 11 21 35 43 45 47 51 53 57 65 67 71 75 77 85 87 99 101 109 115 123 143 147 151 157 165 173 177 181 187 189 191 199 
0
0
0
0
2 3 7 10 17 22 29 35 39 41 48 57 61 72 74 75 77 85 91 92 106 108 111 112 116 118 127 128 130 131 133 141 142 145 149 152 155 158 159 160 162 164 165 166 167 174 175 181 187 190 191 192 195 202 205 207 
0
0
2 6 8 10 14 17 22 23 26 29 30 31 37 40 42 50 54 56 57 66 67 70 72 73 76 78 82 83 85 87 88 90 93 95 96 97 98 103 104 106 110 111 115 116 118 119 120 122 124 126 127 128 
0
0
7 11 13 31 41 51 57 61 63 69 79 85 87 95 97 99 101 105 111 113 115 117 
0
0
3 5 6 10 12 13 20 21 23 24 26 27 29 31 33 35 40 41 42 43 45 46 47 48 51 52 53 54 55 57 58 62 66 67 70 71 75 79 80 82 83 84 85 86 89 90 91 92 94 95 96 97 102 104 106 108 110 111 113 114 116 117 124 125 127 131 132 134 
0
