2 6 8 10 11 13 14 18 23 24 30 31 32 33 34 37 38 39 40 42 43 44 47 50 52 54 55 56 58 
0
2 6 7 10 17 18 21 26 29 30 31 32 35 40 43 44 51 54 55 59 
3 11 13 17 21 37 43 53 55 57 
0
0
0
0
0
3 6 7 12 13 14 15 19 23 24 26 27 28 29 30 31 33 35 37 38 41 43 46 48 51 52 54 56 58 59 60 61 62 63 65 66 70 74 75 76 77 82 83 86 
0
3 5 10 12 17 19 24 26 31 33 38 40 45 47 
3 7 13 17 23 27 33 37 43 47 
0
0
2 3 5 8 12 14 18 19 20 21 22 23 26 27 30 31 32 33 34 35 39 41 45 48 50 51 
0
0
0
0
3 5 6 10 11 12 20 21 22 23 24 35 40 42 44 45 46 48 51 57 61 67 70 71 75 77 79 80 84 85 88 90 92 93 96 97 99 102 107 113 114 117 122 123 129 134 137 140 142 145 147 149 150 151 154 158 160 161 165 168 170 173 176 180 184 185 186 187 192 194 198 204 205 214 
0
0
3 5 17 19 21 23 27 29 33 35 37 39 43 45 47 55 59 65 67 71 73 75 79 89 93 101 103 107 119 123 125 133 137 147 151 153 155 159 161 167 171 179 181 183 187 189 191 193 197 199 203 205 207 209 221 223 
2 5 6 8 13 14 15 17 18 20 22 24 31 32 35 37 38 39 41 42 45 46 50 51 52 54 55 56 58 60 61 66 67 68 72 80 83 86 88 91 93 94 95 96 98 105 106 107 111 114 115 117 118 119 123 124 125 126 127 128 130 135 137 138 140 142 143 145 146 148 149 150 151 152 153 154 156 157 158 162 163 164 165 168 170 174 178 179 180 183 184 187 191 193 194 197 198 199 200 201 202 204 206 208 211 215 216 217 218 220 223 224 226 
0
6 7 10 18 23 24 28 29 31 35 38 39 40 41 47 50 59 63 65 66 67 69 72 73 74 77 79 87 89 90 92 96 98 102 105 110 112 113 116 117 119 124 127 131 133 137 139 140 142 150 152 155 156 157 160 162 163 164 166 170 179 182 188 189 190 191 194 198 200 201 205 206 211 219 222 223 
0
0
0
3 5 6 10 11 12 17 20 21 22 24 27 34 35 39 40 41 42 43 44 45 47 48 53 54 57 59 61 65 67 68 69 70 73 75 77 78 79 80 82 83 84 86 87 88 90 93 94 95 96 97 99 103 106 108 111 114 115 118 119 122 125 127 130 134 136 137 138 139 140 143 145 146 147 149 150 151 153 154 155 156 158 160 163 164 165 166 168 172 174 176 179 180 185 186 188 189 190 191 192 193 194 198 199 206 209 211 212 213 216 221 222 223 227 228 230 
0
0
0
0
0
0
0
7 13 14 19 21 26 35 37 38 39 41 42 43 46 47 53 56 57 59 63 65 69 70 74 77 78 79 82 84 86 89 92 94 95 97 103 104 105 106 112 114 115 117 118 119 123 126 129 130 131 137 139 140 141 143 146 148 149 151 152 154 156 158 159 167 171 173 175 177 178 179 181 184 185 189 190 191 194 195 205 206 207 208 209 210 212 214 215 219 221 222 223 224 227 228 229 230 231 234 235 236 237 
0
7 11 13 14 19 22 31 34 35 37 38 39 42 46 51 52 55 56 62 63 65 66 68 69 70 71 74 78 84 86 88 89 92 95 99 104 109 110 112 114 127 129 131 132 137 142 146 149 152 153 155 157 163 167 170 171 172 173 175 176 178 179 185 186 189 190 195 199 202 203 204 206 207 210 219 222 227 228 230 234 
7 13 17 19 29 35 39 41 51 57 61 63 73 79 83 85 95 101 105 107 117 123 127 129 139 145 149 151 161 167 171 173 183 189 193 195 205 211 215 217 227 233 237 239 
2 5 11 14 20 23 29 32 38 41 47 50 56 59 65 68 74 77 83 86 92 95 101 104 110 113 119 122 128 131 137 140 146 149 155 158 164 167 173 176 182 185 191 194 200 203 209 212 218 221 227 230 236 239 
0
0
7 11 13 31 41 51 57 61 63 69 79 85 87 95 97 99 101 105 111 113 115 117 
0
0
3 5 6 10 12 13 20 21 23 24 26 27 29 31 33 35 40 41 42 43 45 46 47 48 51 52 53 54 55 57 58 62 66 67 70 71 75 79 80 82 83 84 85 86 89 90 91 92 94 95 96 97 102 104 106 108 110 111 113 114 116 117 124 125 127 131 132 134 
0
2 3 12 15 17 18 19 21 22 26 32 40 43 50 53 56 58 61 68 70 72 73 85 88 90 92 93 97 98 101 102 104 108 109 110 111 114 115 119 123 126 128 130 132 134 135 
0
0
2 3 7 8 10 12 15 17 18 19 22 26 27 28 29 31 32 33 35 39 40 42 46 48 50 59 60 63 68 69 71 72 74 75 76 77 82 83 85 86 88 90 91 94 95 98 101 102 104 106 107 108 109 110 111 112 113 114 116 122 123 124 128 129 130 132 134 135 137 139 140 141 145 146 147 153 155 156 157 158 159 160 161 162 163 165 167 168 171 174 175 178 179 181 183 184 186 187 192 193 194 195 197 198 200 201 206 209 210 219 221 223 227 229 230 234 236 237 238 240 241 242 243 247 250 251 252 254 257 259 261 262 266 267 
0
0
0
17 23 29 31 37 57 67 73 83 85 87 93 95 97 103 111 115 119 127 133 137 139 141 145 153 157 161 171 173 181 185 187 197 201 203 207 209 213 219 221 227 229 235 237 241 247 249 251 253 255 257 259 
5 7 10 14 15 19 20 21 28 29 30 38 40 41 42 45 47 53 55 56 57 58 59 60 63 65 67 71 73 76 77 79 80 82 84 85 87 90 91 94 97 101 106 107 110 112 113 114 115 116 118 119 120 123 125 126 127 130 131 134 135 139 141 142 146 152 154 155 158 159 160 161 163 164 165 167 168 170 171 174 175 177 180 182 185 188 189 191 193 194 195 197 199 201 202 209 211 212 213 214 215 217 219 220 224 226 227 228 229 230 231 232 236 237 238 239 240 241 245 246 247 250 251 252 254 255 257 259 260 261 262 
0
0
0
0
0
2 3 7 8 10 12 15 17 18 19 22 26 27 28 29 31 32 33 35 39 40 42 46 48 50 59 60 63 68 69 71 72 74 75 76 77 82 83 85 86 88 90 91 94 95 98 101 102 104 106 107 108 109 110 111 112 113 114 116 122 123 124 128 129 130 132 134 135 137 139 140 141 145 146 147 153 155 156 157 158 159 160 161 162 163 165 167 168 171 174 175 178 179 181 183 184 186 187 192 193 194 195 197 198 200 201 206 209 210 219 221 223 227 229 230 234 236 237 238 240 241 242 243 247 250 251 252 254 257 259 261 262 266 267 
5 7 11 15 19 21 
2 5 11 14 20 23 
0
2 3 8 10 11 12 14 15 17 18 19 21 26 27 
0
3 6 11 12 13 17 21 22 24 26 
0
0
0
0
0
3 5 6 10 11 12 20 21 22 23 24 35 40 42 44 45 46 48 51 57 61 67 70 71 75 77 79 80 84 85 88 90 92 93 96 97 99 102 107 113 114 117 122 123 129 134 137 140 142 145 147 149 150 151 154 158 160 161 165 168 170 173 176 180 184 185 186 187 192 194 198 204 205 214 
0
0
3 5 17 19 21 23 27 29 33 35 37 39 43 45 47 55 59 65 67 71 73 75 79 89 93 101 103 107 119 123 125 133 137 147 151 153 155 159 161 167 171 179 181 183 187 189 191 193 197 199 203 205 207 209 221 223 
2 5 6 8 13 14 15 17 18 20 22 24 31 32 35 37 38 39 41 42 45 46 50 51 52 54 55 56 58 60 61 66 67 68 72 80 83 86 88 91 93 94 95 96 98 105 106 107 111 114 115 117 118 119 123 124 125 126 127 128 130 135 137 138 140 142 143 145 146 148 149 150 151 152 153 154 156 157 158 162 163 164 165 168 170 174 178 179 180 183 184 187 191 193 194 197 198 199 200 201 202 204 206 208 211 215 216 217 218 220 223 224 226 
0
6 7 10 18 23 24 28 29 31 35 38 39 40 41 47 50 59 63 65 66 67 69 72 73 74 77 79 87 89 90 92 96 98 102 105 110 112 113 116 117 119 124 127 131 133 137 139 140 142 150 152 155 156 157 160 162 163 164 166 170 179 182 188 189 190 191 194 198 200 201 205 206 211 219 222 223 
0
0
0
0
5 6 15 18 20 21 22 24 26 34 38 43 50 53 55 60 61 62 63 66 69 70 72 73 74 77 80 83 84 85 87 88 91 94 95 96 97 102 104 107 114 119 123 131 133 135 136 137 139 142 151 152 
3 7 29 35 37 39 43 47 53 59 63 75 77 85 103 107 109 113 127 133 135 139 145 147 149 153 
0
0
0
5 11 23 29 41 47 59 65 77 83 95 101 113 119 131 137 149 155 
2 3 7 11 12 18 19 20 29 32 42 44 45 50 52 63 66 67 68 70 72 73 75 76 79 80 82 89 92 94 101 103 106 107 108 109 112 114 116 117 120 122 124 128 129 130 137 139 147 148 149 153 154 159 
0
0
5 13 15 19 35 39 43 45 47 53 55 57 67 71 73 79 85 89 91 97 101 103 105 107 115 117 125 129 133 135 137 139 141 143 145 149 155 157 159 163 165 
5 10 13 15 17 20 23 26 30 34 35 37 39 40 41 43 45 46 51 52 53 55 59 60 67 68 69 70 71 73 74 78 79 80 82 83 86 90 91 92 95 101 102 103 104 105 106 109 110 111 113 117 118 119 120 123 125 129 131 134 135 136 138 139 140 142 143 145 146 148 149 151 153 155 156 158 159 160 161 163 164 165 166 
5 7 10 13 14 15 17 19 20 21 23 26 28 29 30 34 37 38 39 40 41 42 45 46 51 52 55 56 57 58 59 60 63 67 68 69 71 74 76 77 78 80 82 83 84 87 90 92 
3 5 17 19 31 33 45 47 59 61 73 75 87 89 
0
0
0
3 5 6 7 10 12 14 19 20 24 27 28 33 37 38 39 40 41 43 45 47 48 51 53 54 55 56 63 65 66 69 71 74 75 76 77 78 80 82 83 85 86 87 90 91 93 94 96 97 101 102 103 105 106 107 108 109 110 112 115 119 125 126 127 130 131 132 138 142 145 147 148 149 150 151 152 154 155 156 160 161 163 164 166 167 170 171 172 174 175 177 179 180 181 182 183 186 188 191 192 194 201 202 203 204 206 209 210 212 214 216 217 218 219 220 224 229 230 233 237 238 243 245 247 250 251 252 254 
0
0
0
0
17 23 29 31 37 57 67 73 83 85 87 93 95 97 103 111 115 119 127 133 137 139 141 145 153 157 161 171 173 181 185 187 197 201 203 207 209 213 219 221 227 229 235 237 241 247 249 251 253 255 257 259 
5 7 10 14 15 19 20 21 28 29 30 38 40 41 42 45 47 53 55 56 57 58 59 60 63 65 67 71 73 76 77 79 80 82 84 85 87 90 91 94 97 101 106 107 110 112 113 114 115 116 118 119 120 123 125 126 127 130 131 134 135 139 141 142 146 152 154 155 158 159 160 161 163 164 165 167 168 170 171 174 175 177 180 182 185 188 189 191 193 194 195 197 199 201 202 209 211 212 213 214 215 217 219 220 224 226 227 228 229 230 231 232 236 237 238 239 240 241 245 246 247 250 251 252 254 255 257 259 260 261 262 
0
0
0
0
0
