5 11 13 15 19 23 29 31 33 35 39 41 43 45 57 67 69 73 77 85 87 91 93 
0
0
5 7 10 13 14 15 17 19 20 21 23 26 28 29 30 34 37 38 39 40 41 42 45 46 51 52 55 56 57 58 59 60 63 67 68 69 71 74 76 77 78 80 82 83 84 87 90 92 
3 5 17 19 31 33 45 47 59 61 73 75 87 89 
0
0
2 3 7 8 11 12 15 18 26 27 28 29 34 35 38 40 42 46 48 50 51 53 55 59 61 63 66 67 72 73 74 75 83 86 89 90 93 94 98 99 
0
0
0
0
3 5 6 7 10 11 12 14 20 22 23 24 27 28 29 31 37 39 40 41 44 45 46 48 54 56 57 58 61 62 63 65 71 73 74 75 78 79 80 82 88 90 91 92 95 96 97 99 105 107 108 109 112 113 114 116 122 124 125 126 129 130 131 133 139 141 142 143 146 147 148 150 156 158 159 160 163 164 165 167 173 175 176 177 180 181 182 184 190 192 193 194 197 198 199 201 207 209 210 211 214 215 216 218 224 226 227 228 231 232 233 235 241 243 244 245 248 249 250 252 258 260 261 262 265 266 267 269 275 277 278 279 282 283 284 286 
0
3 5 6 10 12 13 20 21 23 24 26 27 29 31 33 35 40 41 42 43 45 46 47 48 51 52 53 54 55 57 58 62 66 67 70 71 75 79 80 82 83 84 85 86 89 90 91 92 94 95 96 97 102 104 106 108 110 111 113 114 116 117 124 125 127 131 132 134 
0
2 3 12 15 17 18 19 21 22 26 32 40 43 50 53 56 58 61 68 70 72 73 85 88 90 92 93 97 98 101 102 104 108 109 110 111 114 115 119 123 126 128 130 132 134 135 
0
0
7 11 13 17 21 31 33 35 47 53 55 59 61 63 65 67 69 85 93 99 113 115 117 123 127 133 137 139 
0
0
0
0
0
0
7 19 21 22 28 29 33 35 42 44 47 53 56 57 58 61 62 63 71 73 74 76 82 83 87 88 89 91 93 94 95 99 101 105 106 110 111 112 113 114 116 119 123 124 126 127 131 132 137 140 141 142 143 145 146 148 151 152 157 164 165 167 168 171 173 174 175 176 178 179 181 182 183 187 188 189 
0
5 10 11 13 15 17 19 20 22 26 29 30 33 34 35 37 38 39 40 41 44 45 47 51 52 53 57 58 60 61 66 68 70 71 73 74 76 77 78 79 80 82 87 88 89 90 91 94 99 102 103 104 105 106 111 113 114 115 116 117 119 120 122 123 125 127 132 133 135 136 140 141 142 146 148 149 152 153 154 155 156 158 159 160 163 164 167 171 173 174 176 178 180 182 183 188 
5 7 13 15 17 19 21 23 29 37 39 41 45 51 55 57 59 63 67 69 71 77 83 87 107 111 117 123 125 127 131 135 137 139 143 149 153 155 157 165 171 173 175 177 179 181 187 189 
0
0
2 3 5 8 11 12 13 17 18 21 27 30 31 32 35 38 44 45 46 48 50 52 56 57 58 66 67 71 72 73 74 75 78 79 80 82 86 89 91 94 95 98 99 102 103 106 108 111 115 117 118 119 122 123 124 125 126 130 131 139 140 141 145 147 149 151 152 153 159 162 165 166 167 170 176 179 180 184 185 186 189 192 194 195 
0
3 6 15 19 21 22 24 30 34 37 38 39 41 44 48 54 68 69 71 73 75 77 84 87 95 97 99 105 108 110 113 118 119 120 127 129 133 134 141 142 143 146 148 149 150 152 153 154 156 163 164 166 167 168 170 173 176 179 183 185 186 189 190 192 195 197 
7 11 13 14 19 22 31 34 35 37 38 39 42 46 51 52 55 56 62 63 65 66 68 69 70 71 74 78 84 86 88 89 92 95 99 104 109 110 112 114 127 129 131 132 137 142 146 149 152 153 155 157 163 167 170 171 172 173 175 176 178 179 185 186 189 190 195 199 202 203 204 206 207 210 219 222 227 228 230 234 
7 13 17 19 29 35 39 41 51 57 61 63 73 79 83 85 95 101 105 107 117 123 127 129 139 145 149 151 161 167 171 173 183 189 193 195 205 211 215 217 227 233 237 239 
2 5 11 14 20 23 29 32 38 41 47 50 56 59 65 68 74 77 83 86 92 95 101 104 110 113 119 122 128 131 137 140 146 149 155 158 164 167 173 176 182 185 191 194 200 203 209 212 218 221 227 230 236 239 
0
0
0
0
2 5 6 7 8 15 17 18 20 21 22 24 26 28 31 32 38 43 45 46 50 51 54 55 58 59 60 63 65 66 67 68 70 71 72 73 74 77 78 80 82 84 88 91 93 94 95 96 97 98 103 104 106 
0
0
0
0
0
0
3 5 6 
0
2 5 8 
3 7 
2 6 7 8 10 
0
2 5 6 7 8 11 
3 5 13 
5 7 11 15 17 19 21 33 37 43 45 
5 10 11 13 15 19 20 22 23 26 29 30 31 33 35 38 39 40 41 43 44 45 46 
0
3 5 10 12 17 19 24 26 31 33 38 40 45 47 
3 7 13 17 23 27 33 37 43 47 
0
0
2 3 5 8 12 14 18 19 20 21 22 23 26 27 30 31 32 33 34 35 39 41 45 48 50 51 
5 11 23 29 41 47 
0
0
0
0
0
3 11 13 15 21 23 27 41 43 51 55 57 59 65 71 75 77 79 83 87 89 91 93 97 99 101 105 109 111 115 117 131 135 137 139 141 147 151 157 159 161 163 167 181 183 187 189 193 197 199 201 205 207 209 211 215 219 221 223 227 233 239 241 243 247 255 257 271 275 277 283 285 287 295 
0
0
0
7 13 15 35 51 61 63 71 77 89 93 109 111 115 117 129 133 141 157 163 165 181 199 203 205 207 233 247 253 255 257 259 263 265 271 277 281 285 291 297 
0
0
0
0
0
0
2 6 7 8 13 17 18 19 24 28 29 30 35 39 40 41 46 50 51 52 57 61 62 63 68 72 73 74 79 83 84 85 90 94 95 96 101 105 106 107 112 116 117 118 
7 17 21 29 31 35 43 51 55 59 63 67 71 79 87 91 93 101 105 115 
0
0
2 3 8 12 13 17 22 23 27 28 33 37 38 42 47 48 52 53 58 62 63 67 72 73 77 78 83 87 88 92 97 98 102 103 108 112 113 117 122 123 
0
3 6 7 12 14 23 24 28 29 39 43 45 46 48 53 55 56 57 58 59 65 67 75 78 83 85 86 90 91 92 93 96 97 101 105 106 109 110 112 114 116 118 
0
0
0
2 5 13 15 17 18 19 20 22 24 32 35 
3 13 15 21 29 33 
0
0
3 6 7 11 12 13 14 15 17 19 22 24 26 27 28 29 30 34 35 38 
0
3 5 7 12 18 19 20 26 28 29 30 33 34 37 
0
0
5 7 11 15 17 19 21 33 37 43 45 
5 10 11 13 15 19 20 22 23 26 29 30 31 33 35 38 39 40 41 43 44 45 46 
0
3 5 10 12 17 19 24 26 31 33 38 40 45 47 
0
0
0
3 13 17 23 27 33 37 47 53 63 67 73 77 83 87 97 103 113 117 123 127 133 137 147 153 163 167 173 177 183 187 197 203 213 217 223 227 233 237 247 
6 11 14 18 19 24 26 29 30 33 34 37 42 43 44 46 53 54 55 56 57 59 61 62 70 71 72 76 77 78 82 87 90 95 96 97 98 99 104 107 109 111 116 120 127 129 130 132 133 134 136 137 139 141 143 145 146 148 150 158 159 162 163 165 166 167 168 170 172 176 177 178 183 184 185 186 191 193 199 202 203 206 210 212 213 215 216 220 223 224 228 229 230 234 236 238 239 242 244 248 
0
0
3 7 23 29 39 43 45 53 55 57 59 65 67 75 83 85 91 93 97 101 105 109 133 139 141 151 155 173 175 183 185 205 213 217 219 223 233 237 239 241 243 245 
0
0
3 5 6 7 10 11 12 14 
5 11 17 
2 3 10 13 14 15 
0
0
7 13 17 19 21 
5 7 10 11 14 15 17 19 20 21 22 
0
2 3 7 8 12 13 17 18 22 23 
0
0
0
