0
2 6 8 10 14 17 22 23 26 29 30 31 37 40 42 50 54 56 57 66 67 70 72 73 76 78 82 83 85 87 88 90 93 95 96 97 98 103 104 106 110 111 115 116 118 119 120 122 124 126 127 128 
0
0
0
0
0
0
0
2 3 5 7 8 11 12 13 18 19 20 23 27 28 29 30 32 34 41 42 44 45 47 48 50 51 52 62 63 66 70 72 74 75 76 78 79 80 85 86 89 92 93 98 99 101 103 105 106 108 110 111 112 113 114 116 117 118 119 120 122 125 127 128 129 130 131 134 136 138 139 142 146 147 151 154 155 157 159 162 163 164 165 166 168 171 173 174 175 176 177 179 180 181 182 183 185 187 188 190 192 194 195 200 201 204 207 208 213 214 215 217 218 219 221 223 227 230 231 241 242 243 245 246 248 249 251 252 259 261 263 264 265 266 270 273 274 275 280 281 282 285 286 288 290 291 
0
0
0
0
3 11 13 15 21 23 27 41 43 51 55 57 59 65 71 75 77 79 83 87 89 91 93 97 99 101 105 109 111 115 117 131 135 137 139 141 147 151 157 159 161 163 167 181 183 187 189 193 197 199 201 205 207 209 211 215 219 221 223 227 233 239 241 243 247 255 257 271 275 277 283 285 287 295 
0
0
0
0
0
5 6 15 18 20 21 22 24 26 34 38 43 50 53 55 60 61 62 63 66 69 70 72 73 74 77 80 83 84 85 87 88 91 94 95 96 97 102 104 107 114 119 123 131 133 135 136 137 139 142 151 152 
3 7 29 35 37 39 43 47 53 59 63 75 77 85 103 107 109 113 127 133 135 139 145 147 149 153 
0
0
0
5 11 23 29 41 47 59 65 77 83 95 101 113 119 131 137 149 155 
2 3 7 11 12 18 19 20 29 32 42 44 45 50 52 63 66 67 68 70 72 73 75 76 79 80 82 89 92 94 101 103 106 107 108 109 112 114 116 117 120 122 124 128 129 130 137 139 147 148 149 153 154 159 
0
0
5 13 15 19 35 39 43 45 47 53 55 57 67 71 73 79 85 89 91 97 101 103 105 107 115 117 125 129 133 135 137 139 141 143 145 149 155 157 159 163 165 
0
2 3 8 10 11 12 14 15 17 18 19 21 26 27 
0
3 6 11 12 13 17 21 22 24 26 
0
0
3 5 7 11 23 27 29 31 
0
0
2 5 13 15 17 18 19 20 22 24 32 35 
3 13 15 21 29 33 
0
0
3 6 7 11 12 13 14 15 17 19 22 24 26 27 28 29 30 34 35 38 
0
3 11 12 13 15 19 21 22 23 24 26 27 30 41 42 44 46 48 51 52 54 55 61 67 71 74 75 76 82 83 84 87 91 93 94 95 96 97 102 103 104 105 107 108 110 115 117 120 122 127 129 130 131 133 135 139 142 146 148 150 151 152 154 159 161 164 166 171 173 174 176 177 178 179 184 185 186 187 188 190 194 197 198 199 205 206 207 210 214 220 226 227 229 230 233 235 237 239 240 251 254 255 257 258 259 260 262 266 268 269 270 278 
0
3 5 12 14 17 18 20 22 26 31 35 37 45 46 47 48 50 55 56 65 68 69 72 75 80 82 87 88 98 104 107 109 114 118 119 123 124 126 133 139 140 145 146 147 148 153 154 162 166 170 171 173 178 180 182 183 184 186 187 188 189 190 191 192 193 194 198 200 202 206 209 210 213 220 221 224 226 231 234 239 242 243 247 249 255 258 259 260 270 272 273 274 276 277 
0
0
2 6 7 11 15 19 20 24 28 32 33 37 41 45 46 50 54 58 59 63 67 71 72 76 80 84 85 89 93 97 98 102 106 110 111 115 119 123 124 128 132 136 137 141 145 149 150 154 158 162 163 167 
0
0
0
2 3 5 7 8 11 12 17 18 19 20 26 27 28 30 32 39 42 44 45 46 48 50 53 58 59 61 62 63 65 66 68 69 70 71 72 74 75 76 79 80 82 86 87 91 93 94 97 98 99 101 102 103 104 105 107 108 110 111 112 114 115 120 123 125 127 128 129 131 134 141 143 145 146 147 153 154 155 156 161 162 165 166 168 170 171 
0
0
0
0
3 7 13 15 19 23 27 29 31 33 35 37 41 43 51 59 61 63 65 75 77 83 95 101 103 113 115 117 119 127 135 137 141 143 145 147 149 151 155 159 163 165 171 175 
0
5 7 11 15 17 19 21 33 37 43 45 
5 10 11 13 15 19 20 22 23 26 29 30 31 33 35 38 39 40 41 43 44 45 46 
0
3 5 10 12 17 19 24 26 31 33 38 40 45 47 
3 7 13 17 23 27 33 37 43 47 
0
0
2 3 5 8 12 14 18 19 20 21 22 23 26 27 30 31 32 33 34 35 39 41 45 48 50 51 
5 11 23 29 41 47 
0
0
0
3 11 15 17 19 21 27 31 37 39 41 43 47 55 
2 6 8 10 14 17 22 23 26 29 30 31 37 40 42 50 54 56 57 66 67 70 72 73 76 78 82 83 85 87 88 90 93 95 96 97 98 103 104 106 110 111 115 116 118 119 120 122 124 126 127 128 
0
0
7 11 13 31 41 51 57 61 63 69 79 85 87 95 97 99 101 105 111 113 115 117 
0
0
0
0
0
2 3 7 8 10 12 15 17 18 19 22 26 27 28 29 31 32 33 35 39 40 42 46 48 50 59 60 63 68 69 71 72 74 75 76 77 82 83 85 86 88 90 91 94 95 98 101 102 104 106 107 108 109 110 111 112 113 114 116 122 123 124 128 129 130 132 134 135 137 139 140 141 145 146 147 153 155 156 157 158 159 160 161 162 163 165 167 168 171 174 175 178 179 181 183 184 186 187 192 193 194 195 197 198 200 201 206 209 210 219 221 223 227 229 230 234 236 237 238 240 241 242 243 247 250 251 252 254 257 259 261 262 266 267 
0
6 12 15 21 26 33 38 42 43 46 48 51 52 54 58 59 60 65 66 71 73 75 76 91 92 94 95 96 97 101 107 108 109 111 113 115 116 118 120 127 131 133 135 137 142 143 145 147 149 150 157 159 161 168 172 182 183 186 188 189 193 194 197 201 203 204 208 209 210 215 218 221 222 226 231 234 235 239 246 249 251 253 254 255 257 260 264 266 267 269 
0
0
3 5 13 21 23 27 29 31 33 35 41 43 45 47 51 53 55 57 67 71 75 79 83 85 89 91 95 97 111 113 117 125 127 131 143 147 149 157 161 163 177 179 183 185 189 191 195 199 203 207 217 219 221 223 227 229 231 233 239 241 243 245 247 251 253 261 269 271 
0
0
5 6 11 14 17 18 20 24 31 35 43 44 45 46 50 53 56 58 65 68 72 77 78 80 93 94 95 96 97 98 99 101 103 105 107 110 111 114 115 119 124 126 127 134 135 137 140 142 143 150 151 153 158 162 163 166 167 170 172 174 176 178 179 180 181 182 183 184 197 199 200 205 209 212 219 221 224 227 231 232 233 234 242 246 253 257 259 260 263 266 271 272 
3 15 17 19 21 43 53 61 73 85 93 97 101 109 111 115 119 123 135 141 151 157 161 165 171 179 189 195 197 207 209 211 227 229 231 237 241 243 247 249 253 265 267 269 271 273 
3 5 7 19 29 33 37 55 61 63 69 71 73 77 
0
0
3 6 7 12 13 14 15 19 23 24 26 27 28 29 30 31 33 35 37 38 41 43 46 48 51 52 54 56 58 59 60 61 62 63 65 66 70 74 75 76 77 82 83 86 
0
0
0
0
5 11 13 15 19 23 29 31 33 35 39 41 43 45 57 67 69 73 77 85 87 91 93 
0
3 7 29 35 37 39 43 47 53 59 63 75 77 85 103 107 109 113 127 133 135 139 145 147 149 153 
0
0
0
5 11 23 29 41 47 59 65 77 83 95 101 113 119 131 137 149 155 
2 3 7 11 12 18 19 20 29 32 42 44 45 50 52 63 66 67 68 70 72 73 75 76 79 80 82 89 92 94 101 103 106 107 108 109 112 114 116 117 120 122 124 128 129 130 137 139 147 148 149 153 154 159 
0
0
5 13 15 19 35 39 43 45 47 53 55 57 67 71 73 79 85 89 91 97 101 103 105 107 115 117 125 129 133 135 137 139 141 143 145 149 155 157 159 163 165 
5 10 13 15 17 20 23 26 30 34 35 37 39 40 41 43 45 46 51 52 53 55 59 60 67 68 69 70 71 73 74 78 79 80 82 83 86 90 91 92 95 101 102 103 104 105 106 109 110 111 113 117 118 119 120 123 125 129 131 134 135 136 138 139 140 142 143 145 146 148 149 151 153 155 156 158 159 160 161 163 164 165 166 
0
2 6 7 11 15 19 20 24 28 32 33 37 41 45 46 50 54 58 59 63 67 71 72 76 80 84 85 89 93 97 98 102 106 110 111 115 119 123 124 128 132 136 137 141 145 149 150 154 158 162 163 167 
0
0
0
0
3 6 7 11 12 13 14 15 17 19 22 24 26 27 28 29 30 34 35 38 
0
3 5 6 10 11 12 17 20 21 22 24 27 34 35 39 40 41 42 43 44 45 47 48 53 54 57 59 61 65 67 68 69 70 73 75 77 78 79 80 82 83 84 86 87 88 90 93 94 95 96 97 99 103 106 108 111 114 115 118 119 122 125 127 130 134 136 137 138 139 140 143 145 146 147 149 150 151 153 154 155 156 158 160 163 164 165 166 168 172 174 176 179 180 185 186 188 189 190 191 192 193 194 198 199 206 209 211 212 213 216 221 222 223 227 228 230 
0
0
0
0
0
7 13 14 19 21 26 35 37 38 39 41 42 43 46 47 53 56 57 59 63 65 69 70 74 77 78 79 82 84 86 89 92 94 95 97 103 104 105 106 112 114 115 117 118 119 123 126 129 130 131 137 139 140 141 143 146 148 149 151 152 154 156 158 159 167 171 173 175 177 178 179 181 184 185 189 190 191 194 195 205 206 207 208 209 210 212 214 215 219 221 222 223 224 227 228 229 230 231 234 235 236 237 
0
7 11 13 14 19 22 31 34 35 37 38 39 42 46 51 52 55 56 62 63 65 66 68 69 70 71 74 78 84 86 88 89 92 95 99 104 109 110 112 114 127 129 131 132 137 142 146 149 152 153 155 157 163 167 170 171 172 173 175 176 178 179 185 186 189 190 195 199 202 203 204 206 207 210 219 222 227 228 230 234 
7 13 17 19 29 35 39 41 51 57 61 63 73 79 83 85 95 101 105 107 117 123 127 129 139 145 149 151 161 167 171 173 183 189 193 195 205 211 215 217 227 233 237 239 
0
