2 3 5 7 8 11 12 17 18 19 20 26 27 28 30 32 39 42 44 45 46 48 50 53 58 59 61 62 63 65 66 68 69 70 71 72 74 75 76 79 80 82 86 87 91 93 94 97 98 99 101 102 103 104 105 107 108 110 111 112 114 115 120 123 125 127 128 129 131 134 141 143 145 146 147 153 154 155 156 161 162 165 166 168 170 171 
0
0
0
0
3 5 7 12 18 19 20 26 28 29 30 33 34 37 
0
0
5 7 11 15 17 19 21 33 37 43 45 
5 10 11 13 15 19 20 22 23 26 29 30 31 33 35 38 39 40 41 43 44 45 46 
0
3 5 10 12 17 19 24 26 31 33 38 40 45 47 
3 7 13 17 23 27 33 37 43 47 
2 6 7 8 10 
0
2 5 6 7 8 11 
3 5 13 
0
0
3 5 6 7 10 11 12 14 
5 11 17 
2 3 10 13 14 15 
0
3 11 12 13 15 19 21 22 23 24 26 27 30 41 42 44 46 48 51 52 54 55 61 67 71 74 75 76 82 83 84 87 91 93 94 95 96 97 102 103 104 105 107 108 110 115 117 120 122 127 129 130 131 133 135 139 142 146 148 150 151 152 154 159 161 164 166 171 173 174 176 177 178 179 184 185 186 187 188 190 194 197 198 199 205 206 207 210 214 220 226 227 229 230 233 235 237 239 240 251 254 255 257 258 259 260 262 266 268 269 270 278 
0
3 5 12 14 17 18 20 22 26 31 35 37 45 46 47 48 50 55 56 65 68 69 72 75 80 82 87 88 98 104 107 109 114 118 119 123 124 126 133 139 140 145 146 147 148 153 154 162 166 170 171 173 178 180 182 183 184 186 187 188 189 190 191 192 193 194 198 200 202 206 209 210 213 220 221 224 226 231 234 239 242 243 247 249 255 258 259 260 270 272 273 274 276 277 
0
0
2 
3 
2 3 
5 
3 5 6 
0
2 5 8 
3 7 
2 6 7 8 10 
0
0
3 5 17 19 21 23 27 29 33 35 37 39 43 45 47 55 59 65 67 71 73 75 79 89 93 101 103 107 119 123 125 133 137 147 151 153 155 159 161 167 171 179 181 183 187 189 191 193 197 199 203 205 207 209 221 223 
2 5 6 8 13 14 15 17 18 20 22 24 31 32 35 37 38 39 41 42 45 46 50 51 52 54 55 56 58 60 61 66 67 68 72 80 83 86 88 91 93 94 95 96 98 105 106 107 111 114 115 117 118 119 123 124 125 126 127 128 130 135 137 138 140 142 143 145 146 148 149 150 151 152 153 154 156 157 158 162 163 164 165 168 170 174 178 179 180 183 184 187 191 193 194 197 198 199 200 201 202 204 206 208 211 215 216 217 218 220 223 224 226 
0
6 7 10 18 23 24 28 29 31 35 38 39 40 41 47 50 59 63 65 66 67 69 72 73 74 77 79 87 89 90 92 96 98 102 105 110 112 113 116 117 119 124 127 131 133 137 139 140 142 150 152 155 156 157 160 162 163 164 166 170 179 182 188 189 190 191 194 198 200 201 205 206 211 219 222 223 
0
0
0
3 5 6 10 11 12 17 20 21 22 24 27 34 35 39 40 41 42 43 44 45 47 48 53 54 57 59 61 65 67 68 69 70 73 75 77 78 79 80 82 83 84 86 87 88 90 93 94 95 96 97 99 103 106 108 111 114 115 118 119 122 125 127 130 134 136 137 138 139 140 143 145 146 147 149 150 151 153 154 155 156 158 160 163 164 165 166 168 172 174 176 179 180 185 186 188 189 190 191 192 193 194 198 199 206 209 211 212 213 216 221 222 223 227 228 230 
17 23 29 31 37 57 67 73 83 85 87 93 95 97 103 111 115 119 127 133 137 139 141 145 153 157 161 171 173 181 185 187 197 201 203 207 209 213 219 221 227 229 235 237 241 247 249 251 253 255 257 259 
0
0
3 5 6 10 11 12 17 20 21 22 24 27 34 35 39 40 41 42 43 44 45 47 48 53 54 57 59 61 65 67 68 69 70 73 75 77 78 79 80 82 83 84 86 87 88 90 93 94 95 96 97 99 103 106 108 111 114 115 118 119 122 125 127 130 134 136 137 138 139 140 143 145 146 147 149 150 151 153 154 155 156 158 160 163 164 165 166 168 172 174 176 179 180 185 186 188 189 190 191 192 193 194 198 199 206 209 211 212 213 216 221 222 223 227 228 230 
0
0
0
0
0
3 5 6 7 10 11 12 14 
5 11 17 
2 3 10 13 14 15 
0
0
0
0
0
3 13 17 23 27 33 37 47 53 63 67 73 77 83 87 97 103 113 117 123 127 133 137 147 153 163 167 173 177 183 187 197 203 213 217 223 227 233 237 247 
6 11 14 18 19 24 26 29 30 33 34 37 42 43 44 46 53 54 55 56 57 59 61 62 70 71 72 76 77 78 82 87 90 95 96 97 98 99 104 107 109 111 116 120 127 129 130 132 133 134 136 137 139 141 143 145 146 148 150 158 159 162 163 165 166 167 168 170 172 176 177 178 183 184 185 186 191 193 199 202 203 206 210 212 213 215 216 220 223 224 228 229 230 234 236 238 239 242 244 248 
0
0
3 7 23 29 39 43 45 53 55 57 59 65 67 75 83 85 91 93 97 101 105 109 133 139 141 151 155 173 175 183 185 205 213 217 219 223 233 237 239 241 243 245 
0
0
3 5 6 7 10 12 14 19 20 24 27 28 33 37 38 39 40 41 43 45 47 48 51 53 54 55 56 63 65 66 69 71 74 75 76 77 78 80 82 83 85 86 87 90 91 93 94 96 97 101 102 103 105 106 107 108 109 110 112 115 119 125 126 127 130 131 132 138 142 145 147 148 149 150 151 152 154 155 156 160 161 163 164 166 167 170 171 172 174 175 177 179 180 181 182 183 186 188 191 192 194 201 202 203 204 206 209 210 212 214 216 217 218 219 220 224 229 230 233 237 238 243 245 247 250 251 252 254 
0
2 5 11 14 20 23 29 32 38 41 47 50 56 59 65 68 74 77 83 86 92 95 101 104 110 113 119 122 128 131 137 140 146 149 155 158 164 167 173 176 182 185 191 194 200 203 209 212 218 221 227 230 236 239 
0
0
0
0
0
0
3 13 17 23 27 33 37 47 53 63 67 73 77 83 87 97 103 113 117 123 127 133 137 147 153 163 167 173 177 183 187 197 203 213 217 223 227 233 237 247 
6 11 14 18 19 24 26 29 30 33 34 37 42 43 44 46 53 54 55 56 57 59 61 62 70 71 72 76 77 78 82 87 90 95 96 97 98 99 104 107 109 111 116 120 127 129 130 132 133 134 136 137 139 141 143 145 146 148 150 158 159 162 163 165 166 167 168 170 172 176 177 178 183 184 185 186 191 193 199 202 203 206 210 212 213 215 216 220 223 224 228 229 230 234 236 238 239 242 244 248 
0
0
0
0
0
2 3 5 7 8 11 12 17 18 19 20 26 27 28 30 32 39 42 44 45 46 48 50 53 58 59 61 62 63 65 66 68 69 70 71 72 74 75 76 79 80 82 86 87 91 93 94 97 98 99 101 102 103 104 105 107 108 110 111 112 114 115 120 123 125 127 128 129 131 134 141 143 145 146 147 153 154 155 156 161 162 165 166 168 170 171 
0
0
2 3 7 8 11 12 15 18 26 27 28 29 34 35 38 40 42 46 48 50 51 53 55 59 61 63 66 67 72 73 74 75 83 86 89 90 93 94 98 99 
0
5 6 11 12 20 21 35 40 43 44 45 47 48 51 53 54 57 62 65 67 70 71 74 75 77 78 84 85 86 87 88 96 99 101 
0
0
0
0
2 6 8 10 14 17 22 23 26 29 30 31 37 40 42 50 54 56 57 66 67 70 72 73 76 78 82 83 85 87 88 90 93 95 96 97 98 103 104 106 110 111 115 116 118 119 120 122 124 126 127 128 
0
0
7 11 13 31 41 51 57 61 63 69 79 85 87 95 97 99 101 105 111 113 115 117 
0
0
3 5 6 10 12 13 20 21 23 24 26 27 29 31 33 35 40 41 42 43 45 46 47 48 51 52 53 54 55 57 58 62 66 67 70 71 75 79 80 82 83 84 85 86 89 90 91 92 94 95 96 97 102 104 106 108 110 111 113 114 116 117 124 125 127 131 132 134 
0
2 3 12 15 17 18 19 21 22 26 32 40 43 50 53 56 58 61 68 70 72 73 85 88 90 92 93 97 98 101 102 104 108 109 110 111 114 115 119 123 126 128 130 132 134 135 
0
0
