-35283552 2447712
1263312 -1529208
70003752 -65594928
-97020480 29329800
61454643 -733332
-97936740 11664540
-39676910 9128574
38909790 -33428844
26291160 -13413600
-4218080 11660720
-15937020 15117975
11708400 -730620
6156288 -3478896
4866372 -29766366
35669340 -103050360
1474695 -8211015
8551212 -319128
63292350 -3262650
-1242360 59901480
-32660145 7968870
58158 -587358
-54602100 1874880
30517410 -25749780
-65553428 56906412
214716040 -1203818
-21609495 12114315
12302598 -7683522
13273470 -1779120
-5038278 106978368
-3556080 459120
-691824 32114484
-312576 174048
-2682300 2624700
66316096 -27635888
