30352752 -34013952
55664376 -7277418
-60140628 6137544
18133700 -4795570
15676710 -13085982
-34704768 95778144
30395088 -666432
-3424050 1426050
219070 -3329750
-83389250 41383000
8837760 -542496
665795 -92975
156119508 -113465988
-2314221 1657110
7437560 -2453880
1063944 -259560
-6742395 2169630
32062320 -3890400
83320512 -54880320
7715220 -2194932
4200960 -3901440
-11943210 1359990
14595792 -2964096
52285584 -16980144
-36006635 24471230
41046126 -13926264
-28836000 5494500
-2607840 28076760
-1407287 205352
-519680 119560
-2699898 918072
-31413672 12946896
11152470 -651000
957975 -92220
23264154 -1446840
22260360 -23308710
216665820 -22882230
-684684 38052
