84240240 -20311200
30263760 -4790070
29961120 -32721024
99385056 -16972416
-59976 69384
-72731940 57472260
248161368 -8666658
-25918844 7351372
-4796532 1203462
-49702800 7725165
104903820 -27556515
49493048 -6683952
-4730376 39533760
4640031 -105732
30355584 -20622630
7663080 -2646192
3363528 -1001280
-38243856 5862696
11011917 -4083282
57991626 -16801722
32342640 -5903280
10604820 -238380
-77822100 12607380
4673088 -14016744
6472440 -130995
138847940 -171787980
58731800 -15676600
-16610496 7874160
248287200 -43701600
10365264 -3919020
-23076648 8026200
-135528444 83771820
82115280 -5962320
-4398759 732141
-17761380 11138400
5674635 -482295
