224 -88545121
-416 838751044
6566 1563498003
-2470 1496020660
-252 88751376
-5558 84691684
-280 10665466
-738 431994312
-3069 1350936201
5310 -1007843715
-1554 564470574
-65 642854615
-7520 -1533147786
36 -12724532
498 -89653233
210 -244954976
-1516 372046136
468 -59976568
-336 538143081
-3068 118197508
-96 531192624
-288 824429061
1302 -636230154
1422 -779718456
606 -211346673
-1330 1784119955
540 -299388489
-7896 -1224826614
2223 -435531252
-2808 990587028
-1860 1547448024
-714 203776811
-8519 261731092
3297 -422180759
945 -121313178
-980 628942006
-1557 1372656384
-745 129741455
