-10691968 125328
-181602330 32110680
46478541 -1199451
12207195 -9818235
16716456 -6017544
-22554240 22028160
110082000 -31092600
-7742862 7403481
62472096 -13092624
-4105800 35126820
18281856 -1711296
-1227768 1765416
-35030232 23246028
49710402 -8213184
-2642490 646950
-48143088 16746408
45079280 -29713000
11321184 -8085024
-22945152 13342848
-12561480 1740582
11088840 -72700110
8843640 -2128620
20252372 -2035614
-23824080 2847600
-74784600 77418000
-95743890 60800085
14087150 -4642350
-8176272 4420026
13147056 -30798144
-3133440 4394880
6184620 -29739177
-1145560 1517100
-39499720 44627180
-7760500 28650600
21196020 -2640525
6558300 -3704400
-3915710 604580
