-96899760 14883480
52448892 -24850860
-46727280 26629560
8604792 -8067276
-3391080 6052200
129248700 -45813075
-219093390 30021570
21824880 -15330546
82273710 -2676990
-1169784 9524424
882965 -406760
24654240 -839592
14944944 -1553328
-152492585 217342675
-70753620 15984444
-14524875 15213750
45471840 -1861152
64213824 -38477376
46560000 -3460050
-23188048 8911968
13959720 -1565580
23051448 -6655572
90699066 -45314820
206049060 -32314149
-6550128 8548920
16855776 -15546048
-238951440 52082100
-57173376 25279872
-36208440 7500420
13722588 -5403780
-6851880 3344922
-162820875 60372375
-35583500 422500
40866500 -10622700
2558064 -7884
47287800 -17971200
34020000 -23730030
42388560 -965880
