9318096 -62064
10377250 -1820520
93273180 -37270350
-13122036 1293516
969606 -3800322
19269440 -6092520
18789540 -5327490
-132768 255096
-10735935 43785
2384876 -196092
11129586 -720525
29724840 -10904310
115210680 -2453880
-133480270 57561686
-17943744 48045816
2790930 -69030
-11783590 54992195
30343230 -6153930
-792060 18960
12998664 -5489505
-101301930 3640689
-4992600 38609340
-63580384 54482652
34188777 -7258734
7474320 -702120
5223680 -12281344
87556200 -28845300
-9090018 699447
-43967110 22944515
-6838656 1024248
-310440 3998280
25028358 -5248674
-32238800 29005900
6317100 -3267900
1772820 -34020
6035976 -514044
