-54 15189
-2520 10878
-7878 50070
6349 -39228
-1854 7668
-819 5894
-4312 27958
-5684 19453
5232 -43755
765 -1150
4842 -42822
1374 -10992
1131 -36144
1800 -32436
1644 -14044
-3150 1305
-252 88751376
-5558 84691684
-280 10665466
-738 431994312
-3069 1350936201
5310 -1007843715
-1554 564470574
-65 642854615
-7520 -1533147786
36 -12724532
498 -89653233
-54 15189
-2520 10878
-7878 50070
6349 -39228
-1854 7668
-819 5894
-4312 27958
-5684 19453
5232 -43755
765 -1150
4842 -42822
1374 -10992
1131 -36144
1800 -32436
1644 -14044
-3150 1305
210 -244954976
-1516 372046136
468 -59976568
-336 538143081
-3068 118197508
-96 531192624
-288 824429061
1302 -636230154
1422 -779718456
606 -211346673
-1330 1784119955
540 -299388489
-7896 -1224826614
2223 -435531252
-2808 990587028
-1860 1547448024
-714 203776811
-8519 261731092
3297 -422180759
945 -121313178
