32119080 -7233240
-28109160 4545324
16855920 -5787090
-30573250 8570125
6394584 -49600764
22474638 -40654278
-45287025 2823429
10350828 -3326184
-24516422 25402202
63598176 -13150512
-656640 24611040
-826200 6855930
-68615760 39407664
-6633261 2860659
-1792546 1217146
10282404 -12738198
6971181 -1227156
-50730260 37252285
6432762 -10866702
-21246990 489915
-93320280 26540280
5293728 -3791997
-51399600 59107800
7031310 -17735913
45319500 -54529740
-16735680 2035584
-131760000 45500625
-1846584 8477352
-1570464 161028
-45798060 3235188
-106415100 49698000
-35546511 1479891
-44854698 22721286
-71460984 16998912
-56889 7828821
-3428579 4022557
