16
1 1 0 
3 1 0 
0 3 0 
2 3 0 
0 1 1 
2 1 1 
1 3 1 
3 3 1 
1 1 2 
3 1 2 
0 3 2 
2 3 2 
0 1 3 
2 1 3 
1 3 3 
3 3 3 
8
1 0 
3 0 
0 1 
2 1 
1 2 
3 2 
0 3 
2 3 
2
1 0 
0 1 
32
1 0 
3 0 
5 0 
7 0 
0 1 
2 1 
4 1 
6 1 
1 2 
3 2 
5 2 
7 2 
0 3 
2 3 
4 3 
6 3 
1 4 
3 4 
5 4 
7 4 
0 5 
2 5 
4 5 
6 5 
1 6 
3 6 
5 6 
7 6 
0 7 
2 7 
4 7 
6 7 
5
1 0 
2 1 
3 2 
4 3 
0 4 
5
1 0 
2 1 
3 2 
4 3 
0 4 
324
1 1 0 
4 1 0 
7 1 0 
10 1 0 
13 1 0 
16 1 0 
0 3 0 
3 3 0 
6 3 0 
9 3 0 
12 3 0 
15 3 0 
2 5 0 
5 5 0 
8 5 0 
11 5 0 
14 5 0 
17 5 0 
1 7 0 
4 7 0 
7 7 0 
10 7 0 
13 7 0 
16 7 0 
0 9 0 
3 9 0 
6 9 0 
9 9 0 
12 9 0 
15 9 0 
2 11 0 
5 11 0 
8 11 0 
11 11 0 
14 11 0 
17 11 0 
1 13 0 
4 13 0 
7 13 0 
10 13 0 
13 13 0 
16 13 0 
0 15 0 
3 15 0 
6 15 0 
9 15 0 
12 15 0 
15 15 0 
2 17 0 
5 17 0 
8 17 0 
11 17 0 
14 17 0 
17 17 0 
2 0 3 
5 0 3 
8 0 3 
11 0 3 
14 0 3 
17 0 3 
1 2 3 
4 2 3 
7 2 3 
10 2 3 
13 2 3 
16 2 3 
0 4 3 
3 4 3 
6 4 3 
9 4 3 
12 4 3 
15 4 3 
2 6 3 
5 6 3 
8 6 3 
11 6 3 
14 6 3 
17 6 3 
1 8 3 
4 8 3 
7 8 3 
10 8 3 
13 8 3 
16 8 3 
0 10 3 
3 10 3 
6 10 3 
9 10 3 
12 10 3 
15 10 3 
2 12 3 
5 12 3 
8 12 3 
11 12 3 
14 12 3 
17 12 3 
1 14 3 
4 14 3 
7 14 3 
10 14 3 
13 14 3 
16 14 3 
0 16 3 
3 16 3 
6 16 3 
9 16 3 
12 16 3 
15 16 3 
2 1 6 
5 1 6 
8 1 6 
11 1 6 
14 1 6 
17 1 6 
1 3 6 
4 3 6 
7 3 6 
10 3 6 
13 3 6 
16 3 6 
0 5 6 
3 5 6 
6 5 6 
9 5 6 
12 5 6 
15 5 6 
2 7 6 
5 7 6 
8 7 6 
11 7 6 
14 7 6 
17 7 6 
1 9 6 
4 9 6 
7 9 6 
10 9 6 
13 9 6 
16 9 6 
0 11 6 
3 11 6 
6 11 6 
9 11 6 
12 11 6 
15 11 6 
2 13 6 
5 13 6 
8 13 6 
11 13 6 
14 13 6 
17 13 6 
1 15 6 
4 15 6 
7 15 6 
10 15 6 
13 15 6 
16 15 6 
0 17 6 
3 17 6 
6 17 6 
9 17 6 
12 17 6 
15 17 6 
0 0 9 
3 0 9 
6 0 9 
9 0 9 
12 0 9 
15 0 9 
2 2 9 
5 2 9 
8 2 9 
11 2 9 
14 2 9 
17 2 9 
1 4 9 
4 4 9 
7 4 9 
10 4 9 
13 4 9 
16 4 9 
0 6 9 
3 6 9 
6 6 9 
9 6 9 
12 6 9 
15 6 9 
2 8 9 
5 8 9 
8 8 9 
11 8 9 
14 8 9 
17 8 9 
1 10 9 
4 10 9 
7 10 9 
10 10 9 
13 10 9 
16 10 9 
0 12 9 
3 12 9 
6 12 9 
9 12 9 
12 12 9 
15 12 9 
2 14 9 
5 14 9 
8 14 9 
11 14 9 
14 14 9 
17 14 9 
1 16 9 
4 16 9 
7 16 9 
10 16 9 
13 16 9 
16 16 9 
0 1 12 
3 1 12 
6 1 12 
9 1 12 
12 1 12 
15 1 12 
2 3 12 
5 3 12 
8 3 12 
11 3 12 
14 3 12 
17 3 12 
1 5 12 
4 5 12 
7 5 12 
10 5 12 
13 5 12 
16 5 12 
0 7 12 
3 7 12 
6 7 12 
9 7 12 
12 7 12 
15 7 12 
2 9 12 
5 9 12 
8 9 12 
11 9 12 
14 9 12 
17 9 12 
1 11 12 
4 11 12 
7 11 12 
10 11 12 
13 11 12 
16 11 12 
0 13 12 
3 13 12 
6 13 12 
9 13 12 
12 13 12 
15 13 12 
2 15 12 
5 15 12 
8 15 12 
11 15 12 
14 15 12 
17 15 12 
1 17 12 
4 17 12 
7 17 12 
10 17 12 
13 17 12 
16 17 12 
1 0 15 
4 0 15 
7 0 15 
10 0 15 
13 0 15 
16 0 15 
0 2 15 
3 2 15 
6 2 15 
9 2 15 
12 2 15 
15 2 15 
2 4 15 
5 4 15 
8 4 15 
11 4 15 
14 4 15 
17 4 15 
1 6 15 
4 6 15 
7 6 15 
10 6 15 
13 6 15 
16 6 15 
0 8 15 
3 8 15 
6 8 15 
9 8 15 
12 8 15 
15 8 15 
2 10 15 
5 10 15 
8 10 15 
11 10 15 
14 10 15 
17 10 15 
1 12 15 
4 12 15 
7 12 15 
10 12 15 
13 12 15 
16 12 15 
0 14 15 
3 14 15 
6 14 15 
9 14 15 
12 14 15 
15 14 15 
2 16 15 
5 16 15 
8 16 15 
11 16 15 
14 16 15 
17 16 15 
54
2 1 
5 1 
8 1 
11 1 
14 1 
17 1 
0 3 
3 3 
6 3 
9 3 
12 3 
15 3 
1 5 
4 5 
7 5 
10 5 
13 5 
16 5 
2 7 
5 7 
8 7 
11 7 
14 7 
17 7 
0 9 
3 9 
6 9 
9 9 
12 9 
15 9 
1 11 
4 11 
7 11 
10 11 
13 11 
16 11 
2 13 
5 13 
8 13 
11 13 
14 13 
17 13 
0 15 
3 15 
6 15 
9 15 
12 15 
15 15 
1 17 
4 17 
7 17 
10 17 
13 17 
16 17 
